2024-02-02 02:35:52,070 - exp.default_id.saving_agent.SavingAgentController - INFO - experiment id=default_id - session id=sid-bf8ed352662d4be1b5b23cf7a79a39dd - Continuous SavingAgent AutoLocalSavingAgent(name='data', level=1, path='save/exp') added to experiment
2024-02-02 02:35:52,073 - exp.default_id.saving_agent.SavingAgentController - INFO - experiment id=default_id - session id=sid-bf8ed352662d4be1b5b23cf7a79a39dd - Continuous SavingAgent AutoLocalSavingAgent(name='local_unlinked', level=1, path='save/unlinked') added to experiment
2024-02-02 02:35:52,076 - exp.default_id - WARNING - experiment id=default_id - session id=sid-bf8ed352662d4be1b5b23cf7a79a39dd - The property ExperimentSession.session will be removed in the next major release.
2024-02-02 02:35:52,076 - exp.default_id - WARNING - experiment id=default_id - session id=sid-bf8ed352662d4be1b5b23cf7a79a39dd - The property ExperimentSession.session_status will be removed in the next major release.
2024-02-02 02:35:52,077 - exp.default_id - WARNING - experiment id=default_id - session id=sid-bf8ed352662d4be1b5b23cf7a79a39dd - The property ExperimentSession.session will be removed in the next major release.
2024-02-02 02:35:52,078 - exp.default_id - WARNING - experiment id=default_id - session id=sid-bf8ed352662d4be1b5b23cf7a79a39dd - The property ExperimentSession.session_status will be removed in the next major release.
2024-02-02 02:35:52,078 - exp.default_id - WARNING - experiment id=default_id - session id=sid-bf8ed352662d4be1b5b23cf7a79a39dd - The property ExperimentSession.session will be removed in the next major release.
2024-02-02 02:35:52,079 - exp.default_id - WARNING - experiment id=default_id - session id=sid-bf8ed352662d4be1b5b23cf7a79a39dd - The property ExperimentSession.session_status will be removed in the next major release.
2024-02-02 02:35:52,079 - exp.default_id - WARNING - experiment id=default_id - session id=sid-bf8ed352662d4be1b5b23cf7a79a39dd - The property ExperimentSession.session will be removed in the next major release.
2024-02-02 02:35:52,080 - exp.default_id - WARNING - experiment id=default_id - session id=sid-bf8ed352662d4be1b5b23cf7a79a39dd - The property ExperimentSession.session_status will be removed in the next major release.
2024-02-02 02:35:52,082 - exp.default_id - WARNING - experiment id=default_id - session id=sid-bf8ed352662d4be1b5b23cf7a79a39dd - The property ExperimentSession.session will be removed in the next major release.
2024-02-02 02:35:52,082 - exp.default_id - WARNING - experiment id=default_id - session id=sid-bf8ed352662d4be1b5b23cf7a79a39dd - The property ExperimentSession.session_status will be removed in the next major release.
2024-02-02 02:35:52,110 - exp.default_id - WARNING - experiment id=default_id - session id=sid-bf8ed352662d4be1b5b23cf7a79a39dd - The property ExperimentSession.session will be removed in the next major release.
2024-02-02 02:35:52,111 - exp.default_id - WARNING - experiment id=default_id - session id=sid-bf8ed352662d4be1b5b23cf7a79a39dd - The property ExperimentSession.session_status will be removed in the next major release.
2024-02-02 02:35:52,111 - exp.default_id - INFO - experiment id=default_id - session id=sid-bf8ed352662d4be1b5b23cf7a79a39dd - Alfred web experiment session initialized! Alfred version: 2.4.0, Experiment title: default_title, Experiment version: 0.1
2024-02-02 02:35:52,112 - exp.default_id - WARNING - experiment id=default_id - session id=sid-bf8ed352662d4be1b5b23cf7a79a39dd - The property ExperimentSession.session will be removed in the next major release.
2024-02-02 02:35:52,113 - exp.default_id - WARNING - experiment id=default_id - session id=sid-bf8ed352662d4be1b5b23cf7a79a39dd - The property ExperimentSession.session_status will be removed in the next major release.
2024-02-02 02:35:52,712 - exp.default_id.saving_agent.AutoLocalSavingAgent - INFO - experiment id=default_id - session id=sid-bf8ed352662d4be1b5b23cf7a79a39dd - Running AutoLocalSavingAgent(name='data', level=1, path='save/exp') succeeded.
2024-02-02 02:35:52,714 - exp.default_id - WARNING - experiment id=default_id - session id=sid-bf8ed352662d4be1b5b23cf7a79a39dd - The property ExperimentSession.session will be removed in the next major release.
2024-02-02 02:35:52,714 - exp.default_id - WARNING - experiment id=default_id - session id=sid-bf8ed352662d4be1b5b23cf7a79a39dd - The property ExperimentSession.session_status will be removed in the next major release.
2024-02-02 02:35:52,714 - exp.default_id - INFO - experiment id=default_id - session id=sid-bf8ed352662d4be1b5b23cf7a79a39dd - ExperimentSession._start() called. Session is starting.
2024-02-02 02:35:53,005 - exp.default_id - WARNING - experiment id=default_id - session id=sid-bf8ed352662d4be1b5b23cf7a79a39dd - The property ExperimentSession.session will be removed in the next major release.
2024-02-02 02:35:53,006 - exp.default_id - WARNING - experiment id=default_id - session id=sid-bf8ed352662d4be1b5b23cf7a79a39dd - The property ExperimentSession.session_status will be removed in the next major release.
2024-02-02 02:35:53,720 - exp.default_id.saving_agent.AutoLocalSavingAgent - INFO - experiment id=default_id - session id=sid-bf8ed352662d4be1b5b23cf7a79a39dd - Running AutoLocalSavingAgent(name='data', level=1, path='save/exp') succeeded.
2024-02-02 02:35:56,635 - exp.default_id - WARNING - experiment id=default_id - session id=sid-bf8ed352662d4be1b5b23cf7a79a39dd - The property ExperimentSession.session will be removed in the next major release.
2024-02-02 02:35:56,635 - exp.default_id - WARNING - experiment id=default_id - session id=sid-bf8ed352662d4be1b5b23cf7a79a39dd - The property ExperimentSession.session_status will be removed in the next major release.
2024-02-02 02:35:56,636 - exp.default_id - INFO - experiment id=default_id - session id=sid-bf8ed352662d4be1b5b23cf7a79a39dd - ExperimentSession.finish() called. Session is finishing.
2024-02-02 02:35:56,636 - exp.default_id - WARNING - experiment id=default_id - session id=sid-bf8ed352662d4be1b5b23cf7a79a39dd - The property ExperimentSession.session will be removed in the next major release.
2024-02-02 02:35:56,636 - exp.default_id - WARNING - experiment id=default_id - session id=sid-bf8ed352662d4be1b5b23cf7a79a39dd - The property ExperimentSession.session_status will be removed in the next major release.
2024-02-02 02:35:56,732 - exp.default_id.saving_agent.AutoLocalSavingAgent - INFO - experiment id=default_id - session id=sid-bf8ed352662d4be1b5b23cf7a79a39dd - Running AutoLocalSavingAgent(name='data', level=1, path='save/exp') succeeded.
2024-02-02 02:35:56,737 - exp.default_id - INFO - experiment id=default_id - session id=sid-bf8ed352662d4be1b5b23cf7a79a39dd - Exported main experiment data to data/exp_data.csv.
2024-02-02 02:35:56,738 - exp.default_id - WARNING - experiment id=default_id - session id=sid-bf8ed352662d4be1b5b23cf7a79a39dd - The property ExperimentSession.session will be removed in the next major release.
2024-02-02 02:35:56,738 - exp.default_id - WARNING - experiment id=default_id - session id=sid-bf8ed352662d4be1b5b23cf7a79a39dd - The property ExperimentSession.session_status will be removed in the next major release.
2024-02-02 02:35:56,739 - exp.default_id - INFO - experiment id=default_id - session id=sid-bf8ed352662d4be1b5b23cf7a79a39dd - Exported codebook to data/codebook_0.1.csv.
2024-02-02 02:35:56,741 - exp.default_id - INFO - experiment id=default_id - session id=sid-bf8ed352662d4be1b5b23cf7a79a39dd - Exported movement history to data/move_history.csv.
2024-02-02 02:40:53,895 - exp.default_id.saving_agent.SavingAgentController - INFO - experiment id=default_id - session id=sid-ee6cd4cf98024de985f48a75b5a3ab8c - Continuous SavingAgent AutoLocalSavingAgent(name='data', level=1, path='save/exp') added to experiment
2024-02-02 02:40:53,900 - exp.default_id.saving_agent.SavingAgentController - INFO - experiment id=default_id - session id=sid-ee6cd4cf98024de985f48a75b5a3ab8c - Continuous SavingAgent AutoLocalSavingAgent(name='local_unlinked', level=1, path='save/unlinked') added to experiment
2024-02-02 02:40:53,906 - exp.default_id - WARNING - experiment id=default_id - session id=sid-ee6cd4cf98024de985f48a75b5a3ab8c - The property ExperimentSession.session will be removed in the next major release.
2024-02-02 02:40:53,907 - exp.default_id - WARNING - experiment id=default_id - session id=sid-ee6cd4cf98024de985f48a75b5a3ab8c - The property ExperimentSession.session_status will be removed in the next major release.
2024-02-02 02:40:53,909 - exp.default_id - WARNING - experiment id=default_id - session id=sid-ee6cd4cf98024de985f48a75b5a3ab8c - The property ExperimentSession.session will be removed in the next major release.
2024-02-02 02:40:53,909 - exp.default_id - WARNING - experiment id=default_id - session id=sid-ee6cd4cf98024de985f48a75b5a3ab8c - The property ExperimentSession.session_status will be removed in the next major release.
2024-02-02 02:40:53,910 - exp.default_id - WARNING - experiment id=default_id - session id=sid-ee6cd4cf98024de985f48a75b5a3ab8c - The property ExperimentSession.session will be removed in the next major release.
2024-02-02 02:40:53,910 - exp.default_id - WARNING - experiment id=default_id - session id=sid-ee6cd4cf98024de985f48a75b5a3ab8c - The property ExperimentSession.session_status will be removed in the next major release.
2024-02-02 02:40:53,911 - exp.default_id - WARNING - experiment id=default_id - session id=sid-ee6cd4cf98024de985f48a75b5a3ab8c - The property ExperimentSession.session will be removed in the next major release.
2024-02-02 02:40:53,911 - exp.default_id - WARNING - experiment id=default_id - session id=sid-ee6cd4cf98024de985f48a75b5a3ab8c - The property ExperimentSession.session_status will be removed in the next major release.
2024-02-02 02:40:53,912 - exp.default_id - WARNING - experiment id=default_id - session id=sid-ee6cd4cf98024de985f48a75b5a3ab8c - The property ExperimentSession.session will be removed in the next major release.
2024-02-02 02:40:53,912 - exp.default_id - WARNING - experiment id=default_id - session id=sid-ee6cd4cf98024de985f48a75b5a3ab8c - The property ExperimentSession.session_status will be removed in the next major release.
2024-02-02 02:40:53,924 - exp.default_id - WARNING - experiment id=default_id - session id=sid-ee6cd4cf98024de985f48a75b5a3ab8c - The property ExperimentSession.session will be removed in the next major release.
2024-02-02 02:40:53,924 - exp.default_id - WARNING - experiment id=default_id - session id=sid-ee6cd4cf98024de985f48a75b5a3ab8c - The property ExperimentSession.session_status will be removed in the next major release.
2024-02-02 02:40:53,925 - exp.default_id - INFO - experiment id=default_id - session id=sid-ee6cd4cf98024de985f48a75b5a3ab8c - Alfred web experiment session initialized! Alfred version: 2.4.0, Experiment title: default_title, Experiment version: 0.1
2024-02-02 02:40:53,925 - exp.default_id - WARNING - experiment id=default_id - session id=sid-ee6cd4cf98024de985f48a75b5a3ab8c - The property ExperimentSession.session will be removed in the next major release.
2024-02-02 02:40:53,925 - exp.default_id - WARNING - experiment id=default_id - session id=sid-ee6cd4cf98024de985f48a75b5a3ab8c - The property ExperimentSession.session_status will be removed in the next major release.
2024-02-02 02:40:54,603 - exp.default_id.saving_agent.AutoLocalSavingAgent - INFO - experiment id=default_id - session id=sid-ee6cd4cf98024de985f48a75b5a3ab8c - Running AutoLocalSavingAgent(name='data', level=1, path='save/exp') succeeded.
2024-02-02 02:40:54,605 - exp.default_id - WARNING - experiment id=default_id - session id=sid-ee6cd4cf98024de985f48a75b5a3ab8c - The property ExperimentSession.session will be removed in the next major release.
2024-02-02 02:40:54,605 - exp.default_id - WARNING - experiment id=default_id - session id=sid-ee6cd4cf98024de985f48a75b5a3ab8c - The property ExperimentSession.session_status will be removed in the next major release.
2024-02-02 02:40:54,606 - exp.default_id - INFO - experiment id=default_id - session id=sid-ee6cd4cf98024de985f48a75b5a3ab8c - ExperimentSession._start() called. Session is starting.
2024-02-02 02:40:54,850 - exp.default_id - WARNING - experiment id=default_id - session id=sid-ee6cd4cf98024de985f48a75b5a3ab8c - The property ExperimentSession.session will be removed in the next major release.
2024-02-02 02:40:54,851 - exp.default_id - WARNING - experiment id=default_id - session id=sid-ee6cd4cf98024de985f48a75b5a3ab8c - The property ExperimentSession.session_status will be removed in the next major release.
2024-02-02 02:40:55,611 - exp.default_id.saving_agent.AutoLocalSavingAgent - INFO - experiment id=default_id - session id=sid-ee6cd4cf98024de985f48a75b5a3ab8c - Running AutoLocalSavingAgent(name='data', level=1, path='save/exp') succeeded.
2024-02-08 00:24:48,749 - exp.93997e086bc74bfa9a5824844c290eab.saving_agent.SavingAgentController - INFO - experiment id=93997e086bc74bfa9a5824844c290eab - session id=sid-4ee6703e0b0842509ec08afbb35c273f - Continuous SavingAgent AutoLocalSavingAgent(name='data', level=1, path='save/exp') added to experiment
2024-02-08 00:24:48,755 - exp.93997e086bc74bfa9a5824844c290eab.saving_agent.SavingAgentController - INFO - experiment id=93997e086bc74bfa9a5824844c290eab - session id=sid-4ee6703e0b0842509ec08afbb35c273f - Continuous SavingAgent AutoLocalSavingAgent(name='local_unlinked', level=1, path='save/unlinked') added to experiment
2024-02-08 00:24:48,758 - exp.93997e086bc74bfa9a5824844c290eab - WARNING - experiment id=93997e086bc74bfa9a5824844c290eab - session id=sid-4ee6703e0b0842509ec08afbb35c273f - The property ExperimentSession.session will be removed in the next major release.
2024-02-08 00:24:48,759 - exp.93997e086bc74bfa9a5824844c290eab - WARNING - experiment id=93997e086bc74bfa9a5824844c290eab - session id=sid-4ee6703e0b0842509ec08afbb35c273f - The property ExperimentSession.session_status will be removed in the next major release.
2024-02-08 00:24:48,760 - exp.93997e086bc74bfa9a5824844c290eab - WARNING - experiment id=93997e086bc74bfa9a5824844c290eab - session id=sid-4ee6703e0b0842509ec08afbb35c273f - The property ExperimentSession.session will be removed in the next major release.
2024-02-08 00:24:48,761 - exp.93997e086bc74bfa9a5824844c290eab - WARNING - experiment id=93997e086bc74bfa9a5824844c290eab - session id=sid-4ee6703e0b0842509ec08afbb35c273f - The property ExperimentSession.session_status will be removed in the next major release.
2024-02-08 00:24:48,763 - exp.93997e086bc74bfa9a5824844c290eab - WARNING - experiment id=93997e086bc74bfa9a5824844c290eab - session id=sid-4ee6703e0b0842509ec08afbb35c273f - The property ExperimentSession.session will be removed in the next major release.
2024-02-08 00:24:48,763 - exp.93997e086bc74bfa9a5824844c290eab - WARNING - experiment id=93997e086bc74bfa9a5824844c290eab - session id=sid-4ee6703e0b0842509ec08afbb35c273f - The property ExperimentSession.session_status will be removed in the next major release.
2024-02-08 00:24:48,764 - exp.93997e086bc74bfa9a5824844c290eab - WARNING - experiment id=93997e086bc74bfa9a5824844c290eab - session id=sid-4ee6703e0b0842509ec08afbb35c273f - The property ExperimentSession.session will be removed in the next major release.
2024-02-08 00:24:48,765 - exp.93997e086bc74bfa9a5824844c290eab - WARNING - experiment id=93997e086bc74bfa9a5824844c290eab - session id=sid-4ee6703e0b0842509ec08afbb35c273f - The property ExperimentSession.session_status will be removed in the next major release.
2024-02-08 00:24:48,766 - exp.93997e086bc74bfa9a5824844c290eab - WARNING - experiment id=93997e086bc74bfa9a5824844c290eab - session id=sid-4ee6703e0b0842509ec08afbb35c273f - The property ExperimentSession.session will be removed in the next major release.
2024-02-08 00:24:48,766 - exp.93997e086bc74bfa9a5824844c290eab - WARNING - experiment id=93997e086bc74bfa9a5824844c290eab - session id=sid-4ee6703e0b0842509ec08afbb35c273f - The property ExperimentSession.session_status will be removed in the next major release.
2024-02-08 00:24:48,796 - exp.93997e086bc74bfa9a5824844c290eab - WARNING - experiment id=93997e086bc74bfa9a5824844c290eab - session id=sid-4ee6703e0b0842509ec08afbb35c273f - The property ExperimentSession.session will be removed in the next major release.
2024-02-08 00:24:48,796 - exp.93997e086bc74bfa9a5824844c290eab - WARNING - experiment id=93997e086bc74bfa9a5824844c290eab - session id=sid-4ee6703e0b0842509ec08afbb35c273f - The property ExperimentSession.session_status will be removed in the next major release.
2024-02-08 00:24:48,797 - exp.93997e086bc74bfa9a5824844c290eab - INFO - experiment id=93997e086bc74bfa9a5824844c290eab - session id=sid-4ee6703e0b0842509ec08afbb35c273f - Alfred web experiment session initialized! Alfred version: 2.4.0, Experiment title: Example Title, Experiment version: 1.0
2024-02-08 00:24:48,797 - exp.93997e086bc74bfa9a5824844c290eab - WARNING - experiment id=93997e086bc74bfa9a5824844c290eab - session id=sid-4ee6703e0b0842509ec08afbb35c273f - The property ExperimentSession.session will be removed in the next major release.
2024-02-08 00:24:48,797 - exp.93997e086bc74bfa9a5824844c290eab - WARNING - experiment id=93997e086bc74bfa9a5824844c290eab - session id=sid-4ee6703e0b0842509ec08afbb35c273f - The property ExperimentSession.session_status will be removed in the next major release.
2024-02-08 00:24:49,090 - exp.93997e086bc74bfa9a5824844c290eab.saving_agent.AutoLocalSavingAgent - INFO - experiment id=93997e086bc74bfa9a5824844c290eab - session id=sid-4ee6703e0b0842509ec08afbb35c273f - Running AutoLocalSavingAgent(name='data', level=1, path='save/exp') succeeded.
2024-02-08 00:24:49,091 - exp.93997e086bc74bfa9a5824844c290eab - WARNING - experiment id=93997e086bc74bfa9a5824844c290eab - session id=sid-4ee6703e0b0842509ec08afbb35c273f - The property ExperimentSession.session will be removed in the next major release.
2024-02-08 00:24:49,092 - exp.93997e086bc74bfa9a5824844c290eab - WARNING - experiment id=93997e086bc74bfa9a5824844c290eab - session id=sid-4ee6703e0b0842509ec08afbb35c273f - The property ExperimentSession.session_status will be removed in the next major release.
2024-02-08 00:24:49,095 - exp.93997e086bc74bfa9a5824844c290eab - WARNING - experiment id=93997e086bc74bfa9a5824844c290eab - session id=sid-4ee6703e0b0842509ec08afbb35c273f - The property ExperimentSession.session will be removed in the next major release.
2024-02-08 00:24:49,096 - exp.93997e086bc74bfa9a5824844c290eab - WARNING - experiment id=93997e086bc74bfa9a5824844c290eab - session id=sid-4ee6703e0b0842509ec08afbb35c273f - The property ExperimentSession.session_status will be removed in the next major release.
2024-02-08 00:24:49,097 - exp.93997e086bc74bfa9a5824844c290eab - WARNING - experiment id=93997e086bc74bfa9a5824844c290eab - session id=sid-4ee6703e0b0842509ec08afbb35c273f - The property ExperimentSession.session will be removed in the next major release.
2024-02-08 00:24:49,097 - exp.93997e086bc74bfa9a5824844c290eab - WARNING - experiment id=93997e086bc74bfa9a5824844c290eab - session id=sid-4ee6703e0b0842509ec08afbb35c273f - The property ExperimentSession.session_status will be removed in the next major release.
2024-02-08 00:24:49,098 - exp.93997e086bc74bfa9a5824844c290eab - WARNING - experiment id=93997e086bc74bfa9a5824844c290eab - session id=sid-4ee6703e0b0842509ec08afbb35c273f - The property ExperimentSession.session will be removed in the next major release.
2024-02-08 00:24:49,098 - exp.93997e086bc74bfa9a5824844c290eab - WARNING - experiment id=93997e086bc74bfa9a5824844c290eab - session id=sid-4ee6703e0b0842509ec08afbb35c273f - The property ExperimentSession.session_status will be removed in the next major release.
2024-02-08 00:24:49,099 - exp.93997e086bc74bfa9a5824844c290eab - WARNING - experiment id=93997e086bc74bfa9a5824844c290eab - session id=sid-4ee6703e0b0842509ec08afbb35c273f - The property ExperimentSession.session will be removed in the next major release.
2024-02-08 00:24:49,099 - exp.93997e086bc74bfa9a5824844c290eab - WARNING - experiment id=93997e086bc74bfa9a5824844c290eab - session id=sid-4ee6703e0b0842509ec08afbb35c273f - The property ExperimentSession.session_status will be removed in the next major release.
2024-02-08 00:24:49,101 - exp.93997e086bc74bfa9a5824844c290eab - INFO - experiment id=93997e086bc74bfa9a5824844c290eab - session id=sid-4ee6703e0b0842509ec08afbb35c273f - ExperimentSession._start() called. Session is starting.
2024-02-08 00:24:49,629 - exp.93997e086bc74bfa9a5824844c290eab - WARNING - experiment id=93997e086bc74bfa9a5824844c290eab - session id=sid-4ee6703e0b0842509ec08afbb35c273f - The property ExperimentSession.session will be removed in the next major release.
2024-02-08 00:24:49,630 - exp.93997e086bc74bfa9a5824844c290eab - WARNING - experiment id=93997e086bc74bfa9a5824844c290eab - session id=sid-4ee6703e0b0842509ec08afbb35c273f - The property ExperimentSession.session_status will be removed in the next major release.
2024-02-08 00:24:50,099 - exp.93997e086bc74bfa9a5824844c290eab.saving_agent.AutoLocalSavingAgent - INFO - experiment id=93997e086bc74bfa9a5824844c290eab - session id=sid-4ee6703e0b0842509ec08afbb35c273f - Running AutoLocalSavingAgent(name='data', level=1, path='save/exp') succeeded.
2024-02-08 00:25:13,924 - exp.93997e086bc74bfa9a5824844c290eab - WARNING - experiment id=93997e086bc74bfa9a5824844c290eab - session id=sid-4ee6703e0b0842509ec08afbb35c273f - The property ExperimentSession.session will be removed in the next major release.
2024-02-08 00:25:13,925 - exp.93997e086bc74bfa9a5824844c290eab - WARNING - experiment id=93997e086bc74bfa9a5824844c290eab - session id=sid-4ee6703e0b0842509ec08afbb35c273f - The property ExperimentSession.session_status will be removed in the next major release.
2024-02-08 00:25:14,176 - exp.93997e086bc74bfa9a5824844c290eab.saving_agent.AutoLocalSavingAgent - INFO - experiment id=93997e086bc74bfa9a5824844c290eab - session id=sid-4ee6703e0b0842509ec08afbb35c273f - Running AutoLocalSavingAgent(name='data', level=1, path='save/exp') succeeded.
2024-02-08 00:25:16,506 - exp.93997e086bc74bfa9a5824844c290eab - WARNING - experiment id=93997e086bc74bfa9a5824844c290eab - session id=sid-4ee6703e0b0842509ec08afbb35c273f - The property ExperimentSession.session will be removed in the next major release.
2024-02-08 00:25:16,506 - exp.93997e086bc74bfa9a5824844c290eab - WARNING - experiment id=93997e086bc74bfa9a5824844c290eab - session id=sid-4ee6703e0b0842509ec08afbb35c273f - The property ExperimentSession.session_status will be removed in the next major release.
2024-02-08 00:25:17,191 - exp.93997e086bc74bfa9a5824844c290eab.saving_agent.AutoLocalSavingAgent - INFO - experiment id=93997e086bc74bfa9a5824844c290eab - session id=sid-4ee6703e0b0842509ec08afbb35c273f - Running AutoLocalSavingAgent(name='data', level=1, path='save/exp') succeeded.
2024-02-08 00:25:17,907 - exp.93997e086bc74bfa9a5824844c290eab - WARNING - experiment id=93997e086bc74bfa9a5824844c290eab - session id=sid-4ee6703e0b0842509ec08afbb35c273f - The property ExperimentSession.session will be removed in the next major release.
2024-02-08 00:25:17,907 - exp.93997e086bc74bfa9a5824844c290eab - WARNING - experiment id=93997e086bc74bfa9a5824844c290eab - session id=sid-4ee6703e0b0842509ec08afbb35c273f - The property ExperimentSession.session_status will be removed in the next major release.
2024-02-08 00:25:18,195 - exp.93997e086bc74bfa9a5824844c290eab.saving_agent.AutoLocalSavingAgent - INFO - experiment id=93997e086bc74bfa9a5824844c290eab - session id=sid-4ee6703e0b0842509ec08afbb35c273f - Running AutoLocalSavingAgent(name='data', level=1, path='save/exp') succeeded.
2024-02-08 00:25:18,540 - exp.93997e086bc74bfa9a5824844c290eab - WARNING - experiment id=93997e086bc74bfa9a5824844c290eab - session id=sid-4ee6703e0b0842509ec08afbb35c273f - The property ExperimentSession.session will be removed in the next major release.
2024-02-08 00:25:18,540 - exp.93997e086bc74bfa9a5824844c290eab - WARNING - experiment id=93997e086bc74bfa9a5824844c290eab - session id=sid-4ee6703e0b0842509ec08afbb35c273f - The property ExperimentSession.session_status will be removed in the next major release.
2024-02-08 00:25:19,042 - exp.93997e086bc74bfa9a5824844c290eab - WARNING - experiment id=93997e086bc74bfa9a5824844c290eab - session id=sid-4ee6703e0b0842509ec08afbb35c273f - The property ExperimentSession.session will be removed in the next major release.
2024-02-08 00:25:19,042 - exp.93997e086bc74bfa9a5824844c290eab - WARNING - experiment id=93997e086bc74bfa9a5824844c290eab - session id=sid-4ee6703e0b0842509ec08afbb35c273f - The property ExperimentSession.session_status will be removed in the next major release.
2024-02-08 00:25:19,201 - exp.93997e086bc74bfa9a5824844c290eab.saving_agent.AutoLocalSavingAgent - INFO - experiment id=93997e086bc74bfa9a5824844c290eab - session id=sid-4ee6703e0b0842509ec08afbb35c273f - Running AutoLocalSavingAgent(name='data', level=1, path='save/exp') succeeded.
2024-02-08 00:25:19,203 - exp.93997e086bc74bfa9a5824844c290eab.saving_agent.AutoLocalSavingAgent - INFO - experiment id=93997e086bc74bfa9a5824844c290eab - session id=sid-4ee6703e0b0842509ec08afbb35c273f - Running AutoLocalSavingAgent(name='data', level=1, path='save/exp') succeeded.
2024-02-08 00:25:19,339 - exp.93997e086bc74bfa9a5824844c290eab - WARNING - experiment id=93997e086bc74bfa9a5824844c290eab - session id=sid-4ee6703e0b0842509ec08afbb35c273f - The property ExperimentSession.session will be removed in the next major release.
2024-02-08 00:25:19,339 - exp.93997e086bc74bfa9a5824844c290eab - WARNING - experiment id=93997e086bc74bfa9a5824844c290eab - session id=sid-4ee6703e0b0842509ec08afbb35c273f - The property ExperimentSession.session_status will be removed in the next major release.
2024-02-08 00:25:19,556 - exp.93997e086bc74bfa9a5824844c290eab - WARNING - experiment id=93997e086bc74bfa9a5824844c290eab - session id=sid-4ee6703e0b0842509ec08afbb35c273f - The property ExperimentSession.session will be removed in the next major release.
2024-02-08 00:25:19,556 - exp.93997e086bc74bfa9a5824844c290eab - WARNING - experiment id=93997e086bc74bfa9a5824844c290eab - session id=sid-4ee6703e0b0842509ec08afbb35c273f - The property ExperimentSession.session_status will be removed in the next major release.
2024-02-08 00:25:19,790 - exp.93997e086bc74bfa9a5824844c290eab - WARNING - experiment id=93997e086bc74bfa9a5824844c290eab - session id=sid-4ee6703e0b0842509ec08afbb35c273f - The property ExperimentSession.session will be removed in the next major release.
2024-02-08 00:25:19,790 - exp.93997e086bc74bfa9a5824844c290eab - WARNING - experiment id=93997e086bc74bfa9a5824844c290eab - session id=sid-4ee6703e0b0842509ec08afbb35c273f - The property ExperimentSession.session_status will be removed in the next major release.
2024-02-08 00:25:20,044 - exp.93997e086bc74bfa9a5824844c290eab - WARNING - experiment id=93997e086bc74bfa9a5824844c290eab - session id=sid-4ee6703e0b0842509ec08afbb35c273f - The property ExperimentSession.session will be removed in the next major release.
2024-02-08 00:25:20,044 - exp.93997e086bc74bfa9a5824844c290eab - WARNING - experiment id=93997e086bc74bfa9a5824844c290eab - session id=sid-4ee6703e0b0842509ec08afbb35c273f - The property ExperimentSession.session_status will be removed in the next major release.
2024-02-08 00:25:20,208 - exp.93997e086bc74bfa9a5824844c290eab.saving_agent.AutoLocalSavingAgent - INFO - experiment id=93997e086bc74bfa9a5824844c290eab - session id=sid-4ee6703e0b0842509ec08afbb35c273f - Running AutoLocalSavingAgent(name='data', level=1, path='save/exp') succeeded.
2024-02-08 00:25:20,209 - exp.93997e086bc74bfa9a5824844c290eab.saving_agent.AutoLocalSavingAgent - INFO - experiment id=93997e086bc74bfa9a5824844c290eab - session id=sid-4ee6703e0b0842509ec08afbb35c273f - Running AutoLocalSavingAgent(name='data', level=1, path='save/exp') succeeded.
2024-02-08 00:25:20,210 - exp.93997e086bc74bfa9a5824844c290eab.saving_agent.AutoLocalSavingAgent - INFO - experiment id=93997e086bc74bfa9a5824844c290eab - session id=sid-4ee6703e0b0842509ec08afbb35c273f - Running AutoLocalSavingAgent(name='data', level=1, path='save/exp') succeeded.
2024-02-08 00:25:20,212 - exp.93997e086bc74bfa9a5824844c290eab.saving_agent.AutoLocalSavingAgent - INFO - experiment id=93997e086bc74bfa9a5824844c290eab - session id=sid-4ee6703e0b0842509ec08afbb35c273f - Running AutoLocalSavingAgent(name='data', level=1, path='save/exp') succeeded.
2024-02-08 00:25:20,276 - exp.93997e086bc74bfa9a5824844c290eab - WARNING - experiment id=93997e086bc74bfa9a5824844c290eab - session id=sid-4ee6703e0b0842509ec08afbb35c273f - The property ExperimentSession.session will be removed in the next major release.
2024-02-08 00:25:20,276 - exp.93997e086bc74bfa9a5824844c290eab - WARNING - experiment id=93997e086bc74bfa9a5824844c290eab - session id=sid-4ee6703e0b0842509ec08afbb35c273f - The property ExperimentSession.session_status will be removed in the next major release.
2024-02-08 00:25:20,508 - exp.93997e086bc74bfa9a5824844c290eab - WARNING - experiment id=93997e086bc74bfa9a5824844c290eab - session id=sid-4ee6703e0b0842509ec08afbb35c273f - The property ExperimentSession.session will be removed in the next major release.
2024-02-08 00:25:20,509 - exp.93997e086bc74bfa9a5824844c290eab - WARNING - experiment id=93997e086bc74bfa9a5824844c290eab - session id=sid-4ee6703e0b0842509ec08afbb35c273f - The property ExperimentSession.session_status will be removed in the next major release.
2024-02-08 00:25:21,003 - exp.93997e086bc74bfa9a5824844c290eab - WARNING - experiment id=93997e086bc74bfa9a5824844c290eab - session id=sid-4ee6703e0b0842509ec08afbb35c273f - The property ExperimentSession.session will be removed in the next major release.
2024-02-08 00:25:21,003 - exp.93997e086bc74bfa9a5824844c290eab - WARNING - experiment id=93997e086bc74bfa9a5824844c290eab - session id=sid-4ee6703e0b0842509ec08afbb35c273f - The property ExperimentSession.session_status will be removed in the next major release.
2024-02-08 00:25:21,214 - exp.93997e086bc74bfa9a5824844c290eab.saving_agent.AutoLocalSavingAgent - INFO - experiment id=93997e086bc74bfa9a5824844c290eab - session id=sid-4ee6703e0b0842509ec08afbb35c273f - Running AutoLocalSavingAgent(name='data', level=1, path='save/exp') succeeded.
2024-02-08 00:25:21,217 - exp.93997e086bc74bfa9a5824844c290eab.saving_agent.AutoLocalSavingAgent - INFO - experiment id=93997e086bc74bfa9a5824844c290eab - session id=sid-4ee6703e0b0842509ec08afbb35c273f - Running AutoLocalSavingAgent(name='data', level=1, path='save/exp') succeeded.
2024-02-08 00:25:21,219 - exp.93997e086bc74bfa9a5824844c290eab.saving_agent.AutoLocalSavingAgent - INFO - experiment id=93997e086bc74bfa9a5824844c290eab - session id=sid-4ee6703e0b0842509ec08afbb35c273f - Running AutoLocalSavingAgent(name='data', level=1, path='save/exp') succeeded.
2024-02-08 00:25:51,104 - exp.93997e086bc74bfa9a5824844c290eab - WARNING - experiment id=93997e086bc74bfa9a5824844c290eab - session id=sid-4ee6703e0b0842509ec08afbb35c273f - The property ExperimentSession.session will be removed in the next major release.
2024-02-08 00:25:51,105 - exp.93997e086bc74bfa9a5824844c290eab - WARNING - experiment id=93997e086bc74bfa9a5824844c290eab - session id=sid-4ee6703e0b0842509ec08afbb35c273f - The property ExperimentSession.session_status will be removed in the next major release.
2024-02-08 00:25:51,107 - exp.93997e086bc74bfa9a5824844c290eab - INFO - experiment id=93997e086bc74bfa9a5824844c290eab - session id=sid-4ee6703e0b0842509ec08afbb35c273f - ExperimentSession.finish() called. Session is finishing.
2024-02-08 00:25:51,108 - exp.93997e086bc74bfa9a5824844c290eab - WARNING - experiment id=93997e086bc74bfa9a5824844c290eab - session id=sid-4ee6703e0b0842509ec08afbb35c273f - The property ExperimentSession.session will be removed in the next major release.
2024-02-08 00:25:51,108 - exp.93997e086bc74bfa9a5824844c290eab - WARNING - experiment id=93997e086bc74bfa9a5824844c290eab - session id=sid-4ee6703e0b0842509ec08afbb35c273f - The property ExperimentSession.session_status will be removed in the next major release.
2024-02-08 00:25:51,315 - exp.93997e086bc74bfa9a5824844c290eab.saving_agent.AutoLocalSavingAgent - INFO - experiment id=93997e086bc74bfa9a5824844c290eab - session id=sid-4ee6703e0b0842509ec08afbb35c273f - Running AutoLocalSavingAgent(name='data', level=1, path='save/exp') succeeded.
2024-02-08 00:25:51,321 - exp.93997e086bc74bfa9a5824844c290eab - WARNING - experiment id=93997e086bc74bfa9a5824844c290eab - session id=sid-4ee6703e0b0842509ec08afbb35c273f - The property ExperimentSession.session will be removed in the next major release.
2024-02-08 00:25:51,322 - exp.93997e086bc74bfa9a5824844c290eab - WARNING - experiment id=93997e086bc74bfa9a5824844c290eab - session id=sid-4ee6703e0b0842509ec08afbb35c273f - The property ExperimentSession.session_status will be removed in the next major release.
2024-02-08 00:25:51,322 - exp.93997e086bc74bfa9a5824844c290eab - WARNING - experiment id=93997e086bc74bfa9a5824844c290eab - session id=sid-4ee6703e0b0842509ec08afbb35c273f - The property ExperimentSession.session will be removed in the next major release.
2024-02-08 00:25:51,323 - exp.93997e086bc74bfa9a5824844c290eab - WARNING - experiment id=93997e086bc74bfa9a5824844c290eab - session id=sid-4ee6703e0b0842509ec08afbb35c273f - The property ExperimentSession.session_status will be removed in the next major release.
2024-02-08 00:25:51,325 - exp.93997e086bc74bfa9a5824844c290eab - INFO - experiment id=93997e086bc74bfa9a5824844c290eab - session id=sid-4ee6703e0b0842509ec08afbb35c273f - Exported main experiment data to data/exp_data.csv.
2024-02-08 00:25:51,326 - exp.93997e086bc74bfa9a5824844c290eab - WARNING - experiment id=93997e086bc74bfa9a5824844c290eab - session id=sid-4ee6703e0b0842509ec08afbb35c273f - The property ExperimentSession.session will be removed in the next major release.
2024-02-08 00:25:51,326 - exp.93997e086bc74bfa9a5824844c290eab - WARNING - experiment id=93997e086bc74bfa9a5824844c290eab - session id=sid-4ee6703e0b0842509ec08afbb35c273f - The property ExperimentSession.session_status will be removed in the next major release.
2024-02-08 00:25:51,328 - exp.93997e086bc74bfa9a5824844c290eab - INFO - experiment id=93997e086bc74bfa9a5824844c290eab - session id=sid-4ee6703e0b0842509ec08afbb35c273f - Exported codebook to data/codebook_1.0.csv.
2024-02-08 00:25:51,329 - exp.93997e086bc74bfa9a5824844c290eab - INFO - experiment id=93997e086bc74bfa9a5824844c290eab - session id=sid-4ee6703e0b0842509ec08afbb35c273f - Exported movement history to data/move_history.csv.
2024-02-08 00:28:17,446 - exp.93997e086bc74bfa9a5824844c290eab - WARNING - experiment id=93997e086bc74bfa9a5824844c290eab - session id=sid-4ee6703e0b0842509ec08afbb35c273f - The '/start' route was called, but there was already a session running. Redirecting to '/experiment'.
2024-02-08 00:50:32,581 - exp.93997e086bc74bfa9a5824844c290eab.saving_agent.SavingAgentController - INFO - experiment id=93997e086bc74bfa9a5824844c290eab - session id=sid-884f97abfd87465b9fe5284f32445e81 - Continuous SavingAgent AutoLocalSavingAgent(name='data', level=1, path='save/exp') added to experiment
2024-02-08 00:50:32,588 - exp.93997e086bc74bfa9a5824844c290eab.saving_agent.SavingAgentController - INFO - experiment id=93997e086bc74bfa9a5824844c290eab - session id=sid-884f97abfd87465b9fe5284f32445e81 - Continuous SavingAgent AutoLocalSavingAgent(name='local_unlinked', level=1, path='save/unlinked') added to experiment
2024-02-08 00:50:32,593 - exp.93997e086bc74bfa9a5824844c290eab - WARNING - experiment id=93997e086bc74bfa9a5824844c290eab - session id=sid-884f97abfd87465b9fe5284f32445e81 - The property ExperimentSession.session will be removed in the next major release.
2024-02-08 00:50:32,594 - exp.93997e086bc74bfa9a5824844c290eab - WARNING - experiment id=93997e086bc74bfa9a5824844c290eab - session id=sid-884f97abfd87465b9fe5284f32445e81 - The property ExperimentSession.session_status will be removed in the next major release.
2024-02-08 00:50:32,596 - exp.93997e086bc74bfa9a5824844c290eab - WARNING - experiment id=93997e086bc74bfa9a5824844c290eab - session id=sid-884f97abfd87465b9fe5284f32445e81 - The property ExperimentSession.session will be removed in the next major release.
2024-02-08 00:50:32,597 - exp.93997e086bc74bfa9a5824844c290eab - WARNING - experiment id=93997e086bc74bfa9a5824844c290eab - session id=sid-884f97abfd87465b9fe5284f32445e81 - The property ExperimentSession.session_status will be removed in the next major release.
2024-02-08 00:50:32,599 - exp.93997e086bc74bfa9a5824844c290eab - WARNING - experiment id=93997e086bc74bfa9a5824844c290eab - session id=sid-884f97abfd87465b9fe5284f32445e81 - The property ExperimentSession.session will be removed in the next major release.
2024-02-08 00:50:32,599 - exp.93997e086bc74bfa9a5824844c290eab - WARNING - experiment id=93997e086bc74bfa9a5824844c290eab - session id=sid-884f97abfd87465b9fe5284f32445e81 - The property ExperimentSession.session_status will be removed in the next major release.
2024-02-08 00:50:32,601 - exp.93997e086bc74bfa9a5824844c290eab - WARNING - experiment id=93997e086bc74bfa9a5824844c290eab - session id=sid-884f97abfd87465b9fe5284f32445e81 - The property ExperimentSession.session will be removed in the next major release.
2024-02-08 00:50:32,601 - exp.93997e086bc74bfa9a5824844c290eab - WARNING - experiment id=93997e086bc74bfa9a5824844c290eab - session id=sid-884f97abfd87465b9fe5284f32445e81 - The property ExperimentSession.session_status will be removed in the next major release.
2024-02-08 00:50:32,603 - exp.93997e086bc74bfa9a5824844c290eab - WARNING - experiment id=93997e086bc74bfa9a5824844c290eab - session id=sid-884f97abfd87465b9fe5284f32445e81 - The property ExperimentSession.session will be removed in the next major release.
2024-02-08 00:50:32,604 - exp.93997e086bc74bfa9a5824844c290eab - WARNING - experiment id=93997e086bc74bfa9a5824844c290eab - session id=sid-884f97abfd87465b9fe5284f32445e81 - The property ExperimentSession.session_status will be removed in the next major release.
2024-02-08 00:50:32,625 - exp.93997e086bc74bfa9a5824844c290eab - WARNING - experiment id=93997e086bc74bfa9a5824844c290eab - session id=sid-884f97abfd87465b9fe5284f32445e81 - The property ExperimentSession.session will be removed in the next major release.
2024-02-08 00:50:32,625 - exp.93997e086bc74bfa9a5824844c290eab - WARNING - experiment id=93997e086bc74bfa9a5824844c290eab - session id=sid-884f97abfd87465b9fe5284f32445e81 - The property ExperimentSession.session_status will be removed in the next major release.
2024-02-08 00:50:32,626 - exp.93997e086bc74bfa9a5824844c290eab - INFO - experiment id=93997e086bc74bfa9a5824844c290eab - session id=sid-884f97abfd87465b9fe5284f32445e81 - Alfred web experiment session initialized! Alfred version: 2.4.0, Experiment title: Example Title, Experiment version: 1.0
2024-02-08 00:50:32,626 - exp.93997e086bc74bfa9a5824844c290eab - WARNING - experiment id=93997e086bc74bfa9a5824844c290eab - session id=sid-884f97abfd87465b9fe5284f32445e81 - The property ExperimentSession.session will be removed in the next major release.
2024-02-08 00:50:32,626 - exp.93997e086bc74bfa9a5824844c290eab - WARNING - experiment id=93997e086bc74bfa9a5824844c290eab - session id=sid-884f97abfd87465b9fe5284f32445e81 - The property ExperimentSession.session_status will be removed in the next major release.
2024-02-08 00:50:33,522 - exp.93997e086bc74bfa9a5824844c290eab.saving_agent.AutoLocalSavingAgent - INFO - experiment id=93997e086bc74bfa9a5824844c290eab - session id=sid-884f97abfd87465b9fe5284f32445e81 - Running AutoLocalSavingAgent(name='data', level=1, path='save/exp') succeeded.
2024-02-08 00:50:33,523 - exp.93997e086bc74bfa9a5824844c290eab - WARNING - experiment id=93997e086bc74bfa9a5824844c290eab - session id=sid-884f97abfd87465b9fe5284f32445e81 - The property ExperimentSession.session will be removed in the next major release.
2024-02-08 00:50:33,523 - exp.93997e086bc74bfa9a5824844c290eab - WARNING - experiment id=93997e086bc74bfa9a5824844c290eab - session id=sid-884f97abfd87465b9fe5284f32445e81 - The property ExperimentSession.session_status will be removed in the next major release.
2024-02-08 00:50:33,525 - exp.93997e086bc74bfa9a5824844c290eab - WARNING - experiment id=93997e086bc74bfa9a5824844c290eab - session id=sid-884f97abfd87465b9fe5284f32445e81 - The property ExperimentSession.session will be removed in the next major release.
2024-02-08 00:50:33,526 - exp.93997e086bc74bfa9a5824844c290eab - WARNING - experiment id=93997e086bc74bfa9a5824844c290eab - session id=sid-884f97abfd87465b9fe5284f32445e81 - The property ExperimentSession.session_status will be removed in the next major release.
2024-02-08 00:50:33,527 - exp.93997e086bc74bfa9a5824844c290eab - WARNING - experiment id=93997e086bc74bfa9a5824844c290eab - session id=sid-884f97abfd87465b9fe5284f32445e81 - The property ExperimentSession.session will be removed in the next major release.
2024-02-08 00:50:33,527 - exp.93997e086bc74bfa9a5824844c290eab - WARNING - experiment id=93997e086bc74bfa9a5824844c290eab - session id=sid-884f97abfd87465b9fe5284f32445e81 - The property ExperimentSession.session_status will be removed in the next major release.
2024-02-08 00:50:33,529 - exp.93997e086bc74bfa9a5824844c290eab - WARNING - experiment id=93997e086bc74bfa9a5824844c290eab - session id=sid-884f97abfd87465b9fe5284f32445e81 - The property ExperimentSession.session will be removed in the next major release.
2024-02-08 00:50:33,530 - exp.93997e086bc74bfa9a5824844c290eab - WARNING - experiment id=93997e086bc74bfa9a5824844c290eab - session id=sid-884f97abfd87465b9fe5284f32445e81 - The property ExperimentSession.session_status will be removed in the next major release.
2024-02-08 00:50:33,531 - exp.93997e086bc74bfa9a5824844c290eab - WARNING - experiment id=93997e086bc74bfa9a5824844c290eab - session id=sid-884f97abfd87465b9fe5284f32445e81 - The property ExperimentSession.session will be removed in the next major release.
2024-02-08 00:50:33,532 - exp.93997e086bc74bfa9a5824844c290eab - WARNING - experiment id=93997e086bc74bfa9a5824844c290eab - session id=sid-884f97abfd87465b9fe5284f32445e81 - The property ExperimentSession.session_status will be removed in the next major release.
2024-02-08 00:50:33,533 - exp.93997e086bc74bfa9a5824844c290eab - WARNING - experiment id=93997e086bc74bfa9a5824844c290eab - session id=sid-884f97abfd87465b9fe5284f32445e81 - The property ExperimentSession.session will be removed in the next major release.
2024-02-08 00:50:33,534 - exp.93997e086bc74bfa9a5824844c290eab - WARNING - experiment id=93997e086bc74bfa9a5824844c290eab - session id=sid-884f97abfd87465b9fe5284f32445e81 - The property ExperimentSession.session_status will be removed in the next major release.
2024-02-08 00:50:33,541 - exp.93997e086bc74bfa9a5824844c290eab - INFO - experiment id=93997e086bc74bfa9a5824844c290eab - session id=sid-884f97abfd87465b9fe5284f32445e81 - ExperimentSession._start() called. Session is starting.
2024-02-08 00:50:33,927 - exp.93997e086bc74bfa9a5824844c290eab - WARNING - experiment id=93997e086bc74bfa9a5824844c290eab - session id=sid-884f97abfd87465b9fe5284f32445e81 - The property ExperimentSession.session will be removed in the next major release.
2024-02-08 00:50:33,927 - exp.93997e086bc74bfa9a5824844c290eab - WARNING - experiment id=93997e086bc74bfa9a5824844c290eab - session id=sid-884f97abfd87465b9fe5284f32445e81 - The property ExperimentSession.session_status will be removed in the next major release.
2024-02-08 00:50:34,527 - exp.93997e086bc74bfa9a5824844c290eab.saving_agent.AutoLocalSavingAgent - INFO - experiment id=93997e086bc74bfa9a5824844c290eab - session id=sid-884f97abfd87465b9fe5284f32445e81 - Running AutoLocalSavingAgent(name='data', level=1, path='save/exp') succeeded.
2024-02-08 00:50:35,704 - exp.93997e086bc74bfa9a5824844c290eab - WARNING - experiment id=93997e086bc74bfa9a5824844c290eab - session id=sid-884f97abfd87465b9fe5284f32445e81 - The property ExperimentSession.session will be removed in the next major release.
2024-02-08 00:50:35,705 - exp.93997e086bc74bfa9a5824844c290eab - WARNING - experiment id=93997e086bc74bfa9a5824844c290eab - session id=sid-884f97abfd87465b9fe5284f32445e81 - The property ExperimentSession.session_status will be removed in the next major release.
2024-02-08 00:50:36,539 - exp.93997e086bc74bfa9a5824844c290eab.saving_agent.AutoLocalSavingAgent - INFO - experiment id=93997e086bc74bfa9a5824844c290eab - session id=sid-884f97abfd87465b9fe5284f32445e81 - Running AutoLocalSavingAgent(name='data', level=1, path='save/exp') succeeded.
2024-02-08 00:50:44,200 - exp.93997e086bc74bfa9a5824844c290eab - WARNING - experiment id=93997e086bc74bfa9a5824844c290eab - session id=sid-884f97abfd87465b9fe5284f32445e81 - The property ExperimentSession.session will be removed in the next major release.
2024-02-08 00:50:44,200 - exp.93997e086bc74bfa9a5824844c290eab - WARNING - experiment id=93997e086bc74bfa9a5824844c290eab - session id=sid-884f97abfd87465b9fe5284f32445e81 - The property ExperimentSession.session_status will be removed in the next major release.
2024-02-08 00:50:44,201 - exp.93997e086bc74bfa9a5824844c290eab - INFO - experiment id=93997e086bc74bfa9a5824844c290eab - session id=sid-884f97abfd87465b9fe5284f32445e81 - ExperimentSession.finish() called. Session is finishing.
2024-02-08 00:50:44,201 - exp.93997e086bc74bfa9a5824844c290eab - WARNING - experiment id=93997e086bc74bfa9a5824844c290eab - session id=sid-884f97abfd87465b9fe5284f32445e81 - The property ExperimentSession.session will be removed in the next major release.
2024-02-08 00:50:44,201 - exp.93997e086bc74bfa9a5824844c290eab - WARNING - experiment id=93997e086bc74bfa9a5824844c290eab - session id=sid-884f97abfd87465b9fe5284f32445e81 - The property ExperimentSession.session_status will be removed in the next major release.
2024-02-08 00:50:44,573 - exp.93997e086bc74bfa9a5824844c290eab.saving_agent.AutoLocalSavingAgent - INFO - experiment id=93997e086bc74bfa9a5824844c290eab - session id=sid-884f97abfd87465b9fe5284f32445e81 - Running AutoLocalSavingAgent(name='data', level=1, path='save/exp') succeeded.
2024-02-08 00:50:44,577 - exp.93997e086bc74bfa9a5824844c290eab - WARNING - experiment id=93997e086bc74bfa9a5824844c290eab - session id=sid-884f97abfd87465b9fe5284f32445e81 - The property ExperimentSession.session will be removed in the next major release.
2024-02-08 00:50:44,577 - exp.93997e086bc74bfa9a5824844c290eab - WARNING - experiment id=93997e086bc74bfa9a5824844c290eab - session id=sid-884f97abfd87465b9fe5284f32445e81 - The property ExperimentSession.session_status will be removed in the next major release.
2024-02-08 00:50:44,578 - exp.93997e086bc74bfa9a5824844c290eab - WARNING - experiment id=93997e086bc74bfa9a5824844c290eab - session id=sid-884f97abfd87465b9fe5284f32445e81 - The property ExperimentSession.session will be removed in the next major release.
2024-02-08 00:50:44,579 - exp.93997e086bc74bfa9a5824844c290eab - WARNING - experiment id=93997e086bc74bfa9a5824844c290eab - session id=sid-884f97abfd87465b9fe5284f32445e81 - The property ExperimentSession.session_status will be removed in the next major release.
2024-02-08 00:50:44,580 - exp.93997e086bc74bfa9a5824844c290eab - INFO - experiment id=93997e086bc74bfa9a5824844c290eab - session id=sid-884f97abfd87465b9fe5284f32445e81 - Exported main experiment data to data/exp_data.csv.
2024-02-08 00:50:44,581 - exp.93997e086bc74bfa9a5824844c290eab - WARNING - experiment id=93997e086bc74bfa9a5824844c290eab - session id=sid-884f97abfd87465b9fe5284f32445e81 - The property ExperimentSession.session will be removed in the next major release.
2024-02-08 00:50:44,581 - exp.93997e086bc74bfa9a5824844c290eab - WARNING - experiment id=93997e086bc74bfa9a5824844c290eab - session id=sid-884f97abfd87465b9fe5284f32445e81 - The property ExperimentSession.session_status will be removed in the next major release.
2024-02-08 00:50:44,582 - exp.93997e086bc74bfa9a5824844c290eab - WARNING - experiment id=93997e086bc74bfa9a5824844c290eab - session id=sid-884f97abfd87465b9fe5284f32445e81 - label_top of 'text1' has changed from 'Text entry' to 'Please estimate the length of the following river:'. This introduces inconsistencies into the codebook. Do you have dynamic labels that do not match their elements' names? To change a label, increase the experiment version.
2024-02-08 00:50:44,583 - exp.93997e086bc74bfa9a5824844c290eab - INFO - experiment id=93997e086bc74bfa9a5824844c290eab - session id=sid-884f97abfd87465b9fe5284f32445e81 - Exported codebook to data/codebook_1.0.csv.
2024-02-08 00:50:44,585 - exp.93997e086bc74bfa9a5824844c290eab - INFO - experiment id=93997e086bc74bfa9a5824844c290eab - session id=sid-884f97abfd87465b9fe5284f32445e81 - Exported movement history to data/move_history.csv.
2024-02-09 00:43:21,768 - exp.93997e086bc74bfa9a5824844c290eab.saving_agent.SavingAgentController - INFO - experiment id=93997e086bc74bfa9a5824844c290eab - session id=sid-6abff83ff0c7490896d108d806633cfb - Continuous SavingAgent AutoLocalSavingAgent(name='data', level=1, path='save/exp') added to experiment
2024-02-09 00:43:21,774 - exp.93997e086bc74bfa9a5824844c290eab.saving_agent.SavingAgentController - INFO - experiment id=93997e086bc74bfa9a5824844c290eab - session id=sid-6abff83ff0c7490896d108d806633cfb - Continuous SavingAgent AutoLocalSavingAgent(name='local_unlinked', level=1, path='save/unlinked') added to experiment
2024-02-09 00:43:21,776 - exp.93997e086bc74bfa9a5824844c290eab - WARNING - experiment id=93997e086bc74bfa9a5824844c290eab - session id=sid-6abff83ff0c7490896d108d806633cfb - The property ExperimentSession.session will be removed in the next major release.
2024-02-09 00:43:21,777 - exp.93997e086bc74bfa9a5824844c290eab - WARNING - experiment id=93997e086bc74bfa9a5824844c290eab - session id=sid-6abff83ff0c7490896d108d806633cfb - The property ExperimentSession.session_status will be removed in the next major release.
2024-02-09 00:43:21,777 - exp.93997e086bc74bfa9a5824844c290eab - WARNING - experiment id=93997e086bc74bfa9a5824844c290eab - session id=sid-6abff83ff0c7490896d108d806633cfb - The property ExperimentSession.session will be removed in the next major release.
2024-02-09 00:43:21,777 - exp.93997e086bc74bfa9a5824844c290eab - WARNING - experiment id=93997e086bc74bfa9a5824844c290eab - session id=sid-6abff83ff0c7490896d108d806633cfb - The property ExperimentSession.session_status will be removed in the next major release.
2024-02-09 00:43:21,778 - exp.93997e086bc74bfa9a5824844c290eab - WARNING - experiment id=93997e086bc74bfa9a5824844c290eab - session id=sid-6abff83ff0c7490896d108d806633cfb - The property ExperimentSession.session will be removed in the next major release.
2024-02-09 00:43:21,778 - exp.93997e086bc74bfa9a5824844c290eab - WARNING - experiment id=93997e086bc74bfa9a5824844c290eab - session id=sid-6abff83ff0c7490896d108d806633cfb - The property ExperimentSession.session_status will be removed in the next major release.
2024-02-09 00:43:21,779 - exp.93997e086bc74bfa9a5824844c290eab - WARNING - experiment id=93997e086bc74bfa9a5824844c290eab - session id=sid-6abff83ff0c7490896d108d806633cfb - The property ExperimentSession.session will be removed in the next major release.
2024-02-09 00:43:21,779 - exp.93997e086bc74bfa9a5824844c290eab - WARNING - experiment id=93997e086bc74bfa9a5824844c290eab - session id=sid-6abff83ff0c7490896d108d806633cfb - The property ExperimentSession.session_status will be removed in the next major release.
2024-02-09 00:43:21,780 - exp.93997e086bc74bfa9a5824844c290eab - WARNING - experiment id=93997e086bc74bfa9a5824844c290eab - session id=sid-6abff83ff0c7490896d108d806633cfb - The property ExperimentSession.session will be removed in the next major release.
2024-02-09 00:43:21,780 - exp.93997e086bc74bfa9a5824844c290eab - WARNING - experiment id=93997e086bc74bfa9a5824844c290eab - session id=sid-6abff83ff0c7490896d108d806633cfb - The property ExperimentSession.session_status will be removed in the next major release.
2024-02-09 00:43:21,802 - exp.93997e086bc74bfa9a5824844c290eab - WARNING - experiment id=93997e086bc74bfa9a5824844c290eab - session id=sid-6abff83ff0c7490896d108d806633cfb - The property ExperimentSession.session will be removed in the next major release.
2024-02-09 00:43:21,802 - exp.93997e086bc74bfa9a5824844c290eab - WARNING - experiment id=93997e086bc74bfa9a5824844c290eab - session id=sid-6abff83ff0c7490896d108d806633cfb - The property ExperimentSession.session_status will be removed in the next major release.
2024-02-09 00:43:21,803 - exp.93997e086bc74bfa9a5824844c290eab - INFO - experiment id=93997e086bc74bfa9a5824844c290eab - session id=sid-6abff83ff0c7490896d108d806633cfb - Alfred web experiment session initialized! Alfred version: 2.4.0, Experiment title: Example Title, Experiment version: 1.0
2024-02-09 00:43:21,804 - exp.93997e086bc74bfa9a5824844c290eab - WARNING - experiment id=93997e086bc74bfa9a5824844c290eab - session id=sid-6abff83ff0c7490896d108d806633cfb - The property ExperimentSession.session will be removed in the next major release.
2024-02-09 00:43:21,805 - exp.93997e086bc74bfa9a5824844c290eab - WARNING - experiment id=93997e086bc74bfa9a5824844c290eab - session id=sid-6abff83ff0c7490896d108d806633cfb - The property ExperimentSession.session_status will be removed in the next major release.
2024-02-09 00:43:21,979 - exp.93997e086bc74bfa9a5824844c290eab.saving_agent.AutoLocalSavingAgent - INFO - experiment id=93997e086bc74bfa9a5824844c290eab - session id=sid-6abff83ff0c7490896d108d806633cfb - Running AutoLocalSavingAgent(name='data', level=1, path='save/exp') succeeded.
2024-02-09 00:43:21,980 - exp.93997e086bc74bfa9a5824844c290eab - WARNING - experiment id=93997e086bc74bfa9a5824844c290eab - session id=sid-6abff83ff0c7490896d108d806633cfb - The property ExperimentSession.session will be removed in the next major release.
2024-02-09 00:43:21,980 - exp.93997e086bc74bfa9a5824844c290eab - WARNING - experiment id=93997e086bc74bfa9a5824844c290eab - session id=sid-6abff83ff0c7490896d108d806633cfb - The property ExperimentSession.session_status will be removed in the next major release.
2024-02-09 00:43:21,982 - exp.93997e086bc74bfa9a5824844c290eab - WARNING - experiment id=93997e086bc74bfa9a5824844c290eab - session id=sid-6abff83ff0c7490896d108d806633cfb - The property ExperimentSession.session will be removed in the next major release.
2024-02-09 00:43:21,982 - exp.93997e086bc74bfa9a5824844c290eab - WARNING - experiment id=93997e086bc74bfa9a5824844c290eab - session id=sid-6abff83ff0c7490896d108d806633cfb - The property ExperimentSession.session_status will be removed in the next major release.
2024-02-09 00:43:21,983 - exp.93997e086bc74bfa9a5824844c290eab - WARNING - experiment id=93997e086bc74bfa9a5824844c290eab - session id=sid-6abff83ff0c7490896d108d806633cfb - The property ExperimentSession.session will be removed in the next major release.
2024-02-09 00:43:21,983 - exp.93997e086bc74bfa9a5824844c290eab - WARNING - experiment id=93997e086bc74bfa9a5824844c290eab - session id=sid-6abff83ff0c7490896d108d806633cfb - The property ExperimentSession.session_status will be removed in the next major release.
2024-02-09 00:43:21,983 - exp.93997e086bc74bfa9a5824844c290eab - WARNING - experiment id=93997e086bc74bfa9a5824844c290eab - session id=sid-6abff83ff0c7490896d108d806633cfb - The property ExperimentSession.session will be removed in the next major release.
2024-02-09 00:43:21,984 - exp.93997e086bc74bfa9a5824844c290eab - WARNING - experiment id=93997e086bc74bfa9a5824844c290eab - session id=sid-6abff83ff0c7490896d108d806633cfb - The property ExperimentSession.session_status will be removed in the next major release.
2024-02-09 00:43:21,985 - exp.93997e086bc74bfa9a5824844c290eab - ERROR - experiment id=93997e086bc74bfa9a5824844c290eab - session id=sid-6abff83ff0c7490896d108d806633cfb - Exception during experiment generation.
Traceback (most recent call last):
  File "/Users/jennifercheung/anaconda3/lib/python3.10/site-packages/alfred3/localserver.py", line 65, in start
    script.exp_session = script.exp.create_session(
  File "/Users/jennifercheung/anaconda3/lib/python3.10/site-packages/alfred3/experiment.py", line 453, in create_session
    exp_session += member
  File "/Users/jennifercheung/anaconda3/lib/python3.10/site-packages/alfred3/experiment.py", line 1604, in __iadd__
    self.append(other)
  File "/Users/jennifercheung/anaconda3/lib/python3.10/site-packages/alfred3/experiment.py", line 1601, in append
    self.root_section.members["_content"].append(item)
  File "/Users/jennifercheung/anaconda3/lib/python3.10/site-packages/alfred3/section.py", line 463, in append
    item.added_to_experiment(self.experiment)
  File "/Users/jennifercheung/anaconda3/lib/python3.10/site-packages/alfred3/section.py", line 415, in added_to_experiment
    self._update_members_recursively()
  File "/Users/jennifercheung/anaconda3/lib/python3.10/site-packages/alfred3/section.py", line 427, in _update_members_recursively
    self._update_members()
  File "/Users/jennifercheung/anaconda3/lib/python3.10/site-packages/alfred3/section.py", line 421, in _update_members
    member.added_to_experiment(self.exp)
  File "/Users/jennifercheung/anaconda3/lib/python3.10/site-packages/alfred3/page.py", line 1029, in added_to_experiment
    super().added_to_experiment(experiment)
  File "/Users/jennifercheung/anaconda3/lib/python3.10/site-packages/alfred3/page.py", line 566, in added_to_experiment
    self.on_exp_access()
  File "/Users/jennifercheung/Desktop/Northeastern/Co-Op/coop/script.py", line 78, in on_exp_access
    self += al.FileUpload(name="file_upload", label="Choose CSV File")
AttributeError: module 'alfred3' has no attribute 'FileUpload'
2024-02-09 00:48:21,315 - exp.93997e086bc74bfa9a5824844c290eab.saving_agent.SavingAgentController - INFO - experiment id=93997e086bc74bfa9a5824844c290eab - session id=sid-aed8f4a5bb3f4270baf42b599eeea91f - Continuous SavingAgent AutoLocalSavingAgent(name='data', level=1, path='save/exp') added to experiment
2024-02-09 00:48:21,319 - exp.93997e086bc74bfa9a5824844c290eab.saving_agent.SavingAgentController - INFO - experiment id=93997e086bc74bfa9a5824844c290eab - session id=sid-aed8f4a5bb3f4270baf42b599eeea91f - Continuous SavingAgent AutoLocalSavingAgent(name='local_unlinked', level=1, path='save/unlinked') added to experiment
2024-02-09 00:48:21,324 - exp.93997e086bc74bfa9a5824844c290eab - WARNING - experiment id=93997e086bc74bfa9a5824844c290eab - session id=sid-aed8f4a5bb3f4270baf42b599eeea91f - The property ExperimentSession.session will be removed in the next major release.
2024-02-09 00:48:21,324 - exp.93997e086bc74bfa9a5824844c290eab - WARNING - experiment id=93997e086bc74bfa9a5824844c290eab - session id=sid-aed8f4a5bb3f4270baf42b599eeea91f - The property ExperimentSession.session_status will be removed in the next major release.
2024-02-09 00:48:21,326 - exp.93997e086bc74bfa9a5824844c290eab - WARNING - experiment id=93997e086bc74bfa9a5824844c290eab - session id=sid-aed8f4a5bb3f4270baf42b599eeea91f - The property ExperimentSession.session will be removed in the next major release.
2024-02-09 00:48:21,326 - exp.93997e086bc74bfa9a5824844c290eab - WARNING - experiment id=93997e086bc74bfa9a5824844c290eab - session id=sid-aed8f4a5bb3f4270baf42b599eeea91f - The property ExperimentSession.session_status will be removed in the next major release.
2024-02-09 00:48:21,327 - exp.93997e086bc74bfa9a5824844c290eab - WARNING - experiment id=93997e086bc74bfa9a5824844c290eab - session id=sid-aed8f4a5bb3f4270baf42b599eeea91f - The property ExperimentSession.session will be removed in the next major release.
2024-02-09 00:48:21,328 - exp.93997e086bc74bfa9a5824844c290eab - WARNING - experiment id=93997e086bc74bfa9a5824844c290eab - session id=sid-aed8f4a5bb3f4270baf42b599eeea91f - The property ExperimentSession.session_status will be removed in the next major release.
2024-02-09 00:48:21,329 - exp.93997e086bc74bfa9a5824844c290eab - WARNING - experiment id=93997e086bc74bfa9a5824844c290eab - session id=sid-aed8f4a5bb3f4270baf42b599eeea91f - The property ExperimentSession.session will be removed in the next major release.
2024-02-09 00:48:21,329 - exp.93997e086bc74bfa9a5824844c290eab - WARNING - experiment id=93997e086bc74bfa9a5824844c290eab - session id=sid-aed8f4a5bb3f4270baf42b599eeea91f - The property ExperimentSession.session_status will be removed in the next major release.
2024-02-09 00:48:21,331 - exp.93997e086bc74bfa9a5824844c290eab - WARNING - experiment id=93997e086bc74bfa9a5824844c290eab - session id=sid-aed8f4a5bb3f4270baf42b599eeea91f - The property ExperimentSession.session will be removed in the next major release.
2024-02-09 00:48:21,331 - exp.93997e086bc74bfa9a5824844c290eab - WARNING - experiment id=93997e086bc74bfa9a5824844c290eab - session id=sid-aed8f4a5bb3f4270baf42b599eeea91f - The property ExperimentSession.session_status will be removed in the next major release.
2024-02-09 00:48:21,346 - exp.93997e086bc74bfa9a5824844c290eab - WARNING - experiment id=93997e086bc74bfa9a5824844c290eab - session id=sid-aed8f4a5bb3f4270baf42b599eeea91f - The property ExperimentSession.session will be removed in the next major release.
2024-02-09 00:48:21,347 - exp.93997e086bc74bfa9a5824844c290eab - WARNING - experiment id=93997e086bc74bfa9a5824844c290eab - session id=sid-aed8f4a5bb3f4270baf42b599eeea91f - The property ExperimentSession.session_status will be removed in the next major release.
2024-02-09 00:48:21,347 - exp.93997e086bc74bfa9a5824844c290eab - INFO - experiment id=93997e086bc74bfa9a5824844c290eab - session id=sid-aed8f4a5bb3f4270baf42b599eeea91f - Alfred web experiment session initialized! Alfred version: 2.4.0, Experiment title: Example Title, Experiment version: 1.0
2024-02-09 00:48:21,347 - exp.93997e086bc74bfa9a5824844c290eab - WARNING - experiment id=93997e086bc74bfa9a5824844c290eab - session id=sid-aed8f4a5bb3f4270baf42b599eeea91f - The property ExperimentSession.session will be removed in the next major release.
2024-02-09 00:48:21,348 - exp.93997e086bc74bfa9a5824844c290eab - WARNING - experiment id=93997e086bc74bfa9a5824844c290eab - session id=sid-aed8f4a5bb3f4270baf42b599eeea91f - The property ExperimentSession.session_status will be removed in the next major release.
2024-02-09 00:48:21,821 - exp.93997e086bc74bfa9a5824844c290eab.saving_agent.AutoLocalSavingAgent - INFO - experiment id=93997e086bc74bfa9a5824844c290eab - session id=sid-aed8f4a5bb3f4270baf42b599eeea91f - Running AutoLocalSavingAgent(name='data', level=1, path='save/exp') succeeded.
2024-02-09 00:48:21,823 - exp.93997e086bc74bfa9a5824844c290eab - WARNING - experiment id=93997e086bc74bfa9a5824844c290eab - session id=sid-aed8f4a5bb3f4270baf42b599eeea91f - The property ExperimentSession.session will be removed in the next major release.
2024-02-09 00:48:21,823 - exp.93997e086bc74bfa9a5824844c290eab - WARNING - experiment id=93997e086bc74bfa9a5824844c290eab - session id=sid-aed8f4a5bb3f4270baf42b599eeea91f - The property ExperimentSession.session_status will be removed in the next major release.
2024-02-09 00:48:21,827 - exp.93997e086bc74bfa9a5824844c290eab - WARNING - experiment id=93997e086bc74bfa9a5824844c290eab - session id=sid-aed8f4a5bb3f4270baf42b599eeea91f - The property ExperimentSession.session will be removed in the next major release.
2024-02-09 00:48:21,827 - exp.93997e086bc74bfa9a5824844c290eab - WARNING - experiment id=93997e086bc74bfa9a5824844c290eab - session id=sid-aed8f4a5bb3f4270baf42b599eeea91f - The property ExperimentSession.session_status will be removed in the next major release.
2024-02-09 00:48:21,829 - exp.93997e086bc74bfa9a5824844c290eab - WARNING - experiment id=93997e086bc74bfa9a5824844c290eab - session id=sid-aed8f4a5bb3f4270baf42b599eeea91f - The property ExperimentSession.session will be removed in the next major release.
2024-02-09 00:48:21,829 - exp.93997e086bc74bfa9a5824844c290eab - WARNING - experiment id=93997e086bc74bfa9a5824844c290eab - session id=sid-aed8f4a5bb3f4270baf42b599eeea91f - The property ExperimentSession.session_status will be removed in the next major release.
2024-02-09 00:48:21,831 - exp.93997e086bc74bfa9a5824844c290eab - WARNING - experiment id=93997e086bc74bfa9a5824844c290eab - session id=sid-aed8f4a5bb3f4270baf42b599eeea91f - The property ExperimentSession.session will be removed in the next major release.
2024-02-09 00:48:21,831 - exp.93997e086bc74bfa9a5824844c290eab - WARNING - experiment id=93997e086bc74bfa9a5824844c290eab - session id=sid-aed8f4a5bb3f4270baf42b599eeea91f - The property ExperimentSession.session_status will be removed in the next major release.
2024-02-09 00:48:21,833 - exp.93997e086bc74bfa9a5824844c290eab - WARNING - experiment id=93997e086bc74bfa9a5824844c290eab - session id=sid-aed8f4a5bb3f4270baf42b599eeea91f - The property ExperimentSession.session will be removed in the next major release.
2024-02-09 00:48:21,833 - exp.93997e086bc74bfa9a5824844c290eab - WARNING - experiment id=93997e086bc74bfa9a5824844c290eab - session id=sid-aed8f4a5bb3f4270baf42b599eeea91f - The property ExperimentSession.session_status will be removed in the next major release.
2024-02-09 00:48:21,834 - exp.93997e086bc74bfa9a5824844c290eab - WARNING - experiment id=93997e086bc74bfa9a5824844c290eab - session id=sid-aed8f4a5bb3f4270baf42b599eeea91f - The property ExperimentSession.session will be removed in the next major release.
2024-02-09 00:48:21,834 - exp.93997e086bc74bfa9a5824844c290eab - WARNING - experiment id=93997e086bc74bfa9a5824844c290eab - session id=sid-aed8f4a5bb3f4270baf42b599eeea91f - The property ExperimentSession.session_status will be removed in the next major release.
2024-02-09 00:48:21,839 - exp.93997e086bc74bfa9a5824844c290eab - WARNING - experiment id=93997e086bc74bfa9a5824844c290eab - session id=sid-aed8f4a5bb3f4270baf42b599eeea91f - The property ExperimentSession.session will be removed in the next major release.
2024-02-09 00:48:21,839 - exp.93997e086bc74bfa9a5824844c290eab - WARNING - experiment id=93997e086bc74bfa9a5824844c290eab - session id=sid-aed8f4a5bb3f4270baf42b599eeea91f - The property ExperimentSession.session_status will be removed in the next major release.
2024-02-09 00:48:21,840 - exp.93997e086bc74bfa9a5824844c290eab - WARNING - experiment id=93997e086bc74bfa9a5824844c290eab - session id=sid-aed8f4a5bb3f4270baf42b599eeea91f - The property ExperimentSession.session will be removed in the next major release.
2024-02-09 00:48:21,840 - exp.93997e086bc74bfa9a5824844c290eab - WARNING - experiment id=93997e086bc74bfa9a5824844c290eab - session id=sid-aed8f4a5bb3f4270baf42b599eeea91f - The property ExperimentSession.session_status will be removed in the next major release.
2024-02-09 00:48:21,841 - exp.93997e086bc74bfa9a5824844c290eab - WARNING - experiment id=93997e086bc74bfa9a5824844c290eab - session id=sid-aed8f4a5bb3f4270baf42b599eeea91f - The property ExperimentSession.session will be removed in the next major release.
2024-02-09 00:48:21,841 - exp.93997e086bc74bfa9a5824844c290eab - WARNING - experiment id=93997e086bc74bfa9a5824844c290eab - session id=sid-aed8f4a5bb3f4270baf42b599eeea91f - The property ExperimentSession.session_status will be removed in the next major release.
2024-02-09 00:48:21,842 - exp.93997e086bc74bfa9a5824844c290eab - ERROR - experiment id=93997e086bc74bfa9a5824844c290eab - session id=sid-aed8f4a5bb3f4270baf42b599eeea91f - Exception during experiment generation.
Traceback (most recent call last):
  File "/Users/jennifercheung/anaconda3/lib/python3.10/site-packages/alfred3/localserver.py", line 65, in start
    script.exp_session = script.exp.create_session(
  File "/Users/jennifercheung/anaconda3/lib/python3.10/site-packages/alfred3/experiment.py", line 453, in create_session
    exp_session += member
  File "/Users/jennifercheung/anaconda3/lib/python3.10/site-packages/alfred3/experiment.py", line 1604, in __iadd__
    self.append(other)
  File "/Users/jennifercheung/anaconda3/lib/python3.10/site-packages/alfred3/experiment.py", line 1601, in append
    self.root_section.members["_content"].append(item)
  File "/Users/jennifercheung/anaconda3/lib/python3.10/site-packages/alfred3/section.py", line 463, in append
    item.added_to_experiment(self.experiment)
  File "/Users/jennifercheung/anaconda3/lib/python3.10/site-packages/alfred3/section.py", line 415, in added_to_experiment
    self._update_members_recursively()
  File "/Users/jennifercheung/anaconda3/lib/python3.10/site-packages/alfred3/section.py", line 427, in _update_members_recursively
    self._update_members()
  File "/Users/jennifercheung/anaconda3/lib/python3.10/site-packages/alfred3/section.py", line 421, in _update_members
    member.added_to_experiment(self.exp)
  File "/Users/jennifercheung/anaconda3/lib/python3.10/site-packages/alfred3/page.py", line 1029, in added_to_experiment
    super().added_to_experiment(experiment)
  File "/Users/jennifercheung/anaconda3/lib/python3.10/site-packages/alfred3/page.py", line 566, in added_to_experiment
    self.on_exp_access()
  File "/Users/jennifercheung/Desktop/Northeastern/Co-Op/coop/script.py", line 87, in on_exp_access
    file_path = self.exp.values["databases/"+"file"]
KeyError: 'databases/file'
2024-02-09 00:48:50,107 - exp.93997e086bc74bfa9a5824844c290eab.saving_agent.SavingAgentController - INFO - experiment id=93997e086bc74bfa9a5824844c290eab - session id=sid-ad6420e3fbd6482c9ad85636181a74dc - Continuous SavingAgent AutoLocalSavingAgent(name='data', level=1, path='save/exp') added to experiment
2024-02-09 00:48:50,109 - exp.93997e086bc74bfa9a5824844c290eab.saving_agent.SavingAgentController - INFO - experiment id=93997e086bc74bfa9a5824844c290eab - session id=sid-ad6420e3fbd6482c9ad85636181a74dc - Continuous SavingAgent AutoLocalSavingAgent(name='local_unlinked', level=1, path='save/unlinked') added to experiment
2024-02-09 00:48:50,114 - exp.93997e086bc74bfa9a5824844c290eab - WARNING - experiment id=93997e086bc74bfa9a5824844c290eab - session id=sid-ad6420e3fbd6482c9ad85636181a74dc - The property ExperimentSession.session will be removed in the next major release.
2024-02-09 00:48:50,115 - exp.93997e086bc74bfa9a5824844c290eab - WARNING - experiment id=93997e086bc74bfa9a5824844c290eab - session id=sid-ad6420e3fbd6482c9ad85636181a74dc - The property ExperimentSession.session_status will be removed in the next major release.
2024-02-09 00:48:50,116 - exp.93997e086bc74bfa9a5824844c290eab - WARNING - experiment id=93997e086bc74bfa9a5824844c290eab - session id=sid-ad6420e3fbd6482c9ad85636181a74dc - The property ExperimentSession.session will be removed in the next major release.
2024-02-09 00:48:50,116 - exp.93997e086bc74bfa9a5824844c290eab - WARNING - experiment id=93997e086bc74bfa9a5824844c290eab - session id=sid-ad6420e3fbd6482c9ad85636181a74dc - The property ExperimentSession.session_status will be removed in the next major release.
2024-02-09 00:48:50,121 - exp.93997e086bc74bfa9a5824844c290eab - WARNING - experiment id=93997e086bc74bfa9a5824844c290eab - session id=sid-ad6420e3fbd6482c9ad85636181a74dc - The property ExperimentSession.session will be removed in the next major release.
2024-02-09 00:48:50,121 - exp.93997e086bc74bfa9a5824844c290eab - WARNING - experiment id=93997e086bc74bfa9a5824844c290eab - session id=sid-ad6420e3fbd6482c9ad85636181a74dc - The property ExperimentSession.session_status will be removed in the next major release.
2024-02-09 00:48:50,123 - exp.93997e086bc74bfa9a5824844c290eab - WARNING - experiment id=93997e086bc74bfa9a5824844c290eab - session id=sid-ad6420e3fbd6482c9ad85636181a74dc - The property ExperimentSession.session will be removed in the next major release.
2024-02-09 00:48:50,123 - exp.93997e086bc74bfa9a5824844c290eab - WARNING - experiment id=93997e086bc74bfa9a5824844c290eab - session id=sid-ad6420e3fbd6482c9ad85636181a74dc - The property ExperimentSession.session_status will be removed in the next major release.
2024-02-09 00:48:50,124 - exp.93997e086bc74bfa9a5824844c290eab - WARNING - experiment id=93997e086bc74bfa9a5824844c290eab - session id=sid-ad6420e3fbd6482c9ad85636181a74dc - The property ExperimentSession.session will be removed in the next major release.
2024-02-09 00:48:50,124 - exp.93997e086bc74bfa9a5824844c290eab - WARNING - experiment id=93997e086bc74bfa9a5824844c290eab - session id=sid-ad6420e3fbd6482c9ad85636181a74dc - The property ExperimentSession.session_status will be removed in the next major release.
2024-02-09 00:48:50,138 - exp.93997e086bc74bfa9a5824844c290eab - WARNING - experiment id=93997e086bc74bfa9a5824844c290eab - session id=sid-ad6420e3fbd6482c9ad85636181a74dc - The property ExperimentSession.session will be removed in the next major release.
2024-02-09 00:48:50,138 - exp.93997e086bc74bfa9a5824844c290eab - WARNING - experiment id=93997e086bc74bfa9a5824844c290eab - session id=sid-ad6420e3fbd6482c9ad85636181a74dc - The property ExperimentSession.session_status will be removed in the next major release.
2024-02-09 00:48:50,139 - exp.93997e086bc74bfa9a5824844c290eab - INFO - experiment id=93997e086bc74bfa9a5824844c290eab - session id=sid-ad6420e3fbd6482c9ad85636181a74dc - Alfred web experiment session initialized! Alfred version: 2.4.0, Experiment title: Example Title, Experiment version: 1.0
2024-02-09 00:48:50,139 - exp.93997e086bc74bfa9a5824844c290eab - WARNING - experiment id=93997e086bc74bfa9a5824844c290eab - session id=sid-ad6420e3fbd6482c9ad85636181a74dc - The property ExperimentSession.session will be removed in the next major release.
2024-02-09 00:48:50,139 - exp.93997e086bc74bfa9a5824844c290eab - WARNING - experiment id=93997e086bc74bfa9a5824844c290eab - session id=sid-ad6420e3fbd6482c9ad85636181a74dc - The property ExperimentSession.session_status will be removed in the next major release.
2024-02-09 00:48:50,898 - exp.93997e086bc74bfa9a5824844c290eab.saving_agent.AutoLocalSavingAgent - INFO - experiment id=93997e086bc74bfa9a5824844c290eab - session id=sid-ad6420e3fbd6482c9ad85636181a74dc - Running AutoLocalSavingAgent(name='data', level=1, path='save/exp') succeeded.
2024-02-09 00:48:50,900 - exp.93997e086bc74bfa9a5824844c290eab - WARNING - experiment id=93997e086bc74bfa9a5824844c290eab - session id=sid-ad6420e3fbd6482c9ad85636181a74dc - The property ExperimentSession.session will be removed in the next major release.
2024-02-09 00:48:50,900 - exp.93997e086bc74bfa9a5824844c290eab - WARNING - experiment id=93997e086bc74bfa9a5824844c290eab - session id=sid-ad6420e3fbd6482c9ad85636181a74dc - The property ExperimentSession.session_status will be removed in the next major release.
2024-02-09 00:48:50,902 - exp.93997e086bc74bfa9a5824844c290eab - WARNING - experiment id=93997e086bc74bfa9a5824844c290eab - session id=sid-ad6420e3fbd6482c9ad85636181a74dc - The property ExperimentSession.session will be removed in the next major release.
2024-02-09 00:48:50,903 - exp.93997e086bc74bfa9a5824844c290eab - WARNING - experiment id=93997e086bc74bfa9a5824844c290eab - session id=sid-ad6420e3fbd6482c9ad85636181a74dc - The property ExperimentSession.session_status will be removed in the next major release.
2024-02-09 00:48:50,903 - exp.93997e086bc74bfa9a5824844c290eab - WARNING - experiment id=93997e086bc74bfa9a5824844c290eab - session id=sid-ad6420e3fbd6482c9ad85636181a74dc - The property ExperimentSession.session will be removed in the next major release.
2024-02-09 00:48:50,903 - exp.93997e086bc74bfa9a5824844c290eab - WARNING - experiment id=93997e086bc74bfa9a5824844c290eab - session id=sid-ad6420e3fbd6482c9ad85636181a74dc - The property ExperimentSession.session_status will be removed in the next major release.
2024-02-09 00:48:50,904 - exp.93997e086bc74bfa9a5824844c290eab - WARNING - experiment id=93997e086bc74bfa9a5824844c290eab - session id=sid-ad6420e3fbd6482c9ad85636181a74dc - The property ExperimentSession.session will be removed in the next major release.
2024-02-09 00:48:50,904 - exp.93997e086bc74bfa9a5824844c290eab - WARNING - experiment id=93997e086bc74bfa9a5824844c290eab - session id=sid-ad6420e3fbd6482c9ad85636181a74dc - The property ExperimentSession.session_status will be removed in the next major release.
2024-02-09 00:48:50,906 - exp.93997e086bc74bfa9a5824844c290eab - WARNING - experiment id=93997e086bc74bfa9a5824844c290eab - session id=sid-ad6420e3fbd6482c9ad85636181a74dc - The property ExperimentSession.session will be removed in the next major release.
2024-02-09 00:48:50,906 - exp.93997e086bc74bfa9a5824844c290eab - WARNING - experiment id=93997e086bc74bfa9a5824844c290eab - session id=sid-ad6420e3fbd6482c9ad85636181a74dc - The property ExperimentSession.session_status will be removed in the next major release.
2024-02-09 00:48:50,907 - exp.93997e086bc74bfa9a5824844c290eab - WARNING - experiment id=93997e086bc74bfa9a5824844c290eab - session id=sid-ad6420e3fbd6482c9ad85636181a74dc - The property ExperimentSession.session will be removed in the next major release.
2024-02-09 00:48:50,908 - exp.93997e086bc74bfa9a5824844c290eab - WARNING - experiment id=93997e086bc74bfa9a5824844c290eab - session id=sid-ad6420e3fbd6482c9ad85636181a74dc - The property ExperimentSession.session_status will be removed in the next major release.
2024-02-09 00:48:50,913 - exp.93997e086bc74bfa9a5824844c290eab - WARNING - experiment id=93997e086bc74bfa9a5824844c290eab - session id=sid-ad6420e3fbd6482c9ad85636181a74dc - The property ExperimentSession.session will be removed in the next major release.
2024-02-09 00:48:50,914 - exp.93997e086bc74bfa9a5824844c290eab - WARNING - experiment id=93997e086bc74bfa9a5824844c290eab - session id=sid-ad6420e3fbd6482c9ad85636181a74dc - The property ExperimentSession.session_status will be removed in the next major release.
2024-02-09 00:48:50,915 - exp.93997e086bc74bfa9a5824844c290eab - WARNING - experiment id=93997e086bc74bfa9a5824844c290eab - session id=sid-ad6420e3fbd6482c9ad85636181a74dc - The property ExperimentSession.session will be removed in the next major release.
2024-02-09 00:48:50,915 - exp.93997e086bc74bfa9a5824844c290eab - WARNING - experiment id=93997e086bc74bfa9a5824844c290eab - session id=sid-ad6420e3fbd6482c9ad85636181a74dc - The property ExperimentSession.session_status will be removed in the next major release.
2024-02-09 00:48:50,916 - exp.93997e086bc74bfa9a5824844c290eab - WARNING - experiment id=93997e086bc74bfa9a5824844c290eab - session id=sid-ad6420e3fbd6482c9ad85636181a74dc - The property ExperimentSession.session will be removed in the next major release.
2024-02-09 00:48:50,916 - exp.93997e086bc74bfa9a5824844c290eab - WARNING - experiment id=93997e086bc74bfa9a5824844c290eab - session id=sid-ad6420e3fbd6482c9ad85636181a74dc - The property ExperimentSession.session_status will be removed in the next major release.
2024-02-09 00:48:50,918 - exp.93997e086bc74bfa9a5824844c290eab - ERROR - experiment id=93997e086bc74bfa9a5824844c290eab - session id=sid-ad6420e3fbd6482c9ad85636181a74dc - Exception during experiment generation.
Traceback (most recent call last):
  File "/Users/jennifercheung/anaconda3/lib/python3.10/site-packages/alfred3/localserver.py", line 65, in start
    script.exp_session = script.exp.create_session(
  File "/Users/jennifercheung/anaconda3/lib/python3.10/site-packages/alfred3/experiment.py", line 453, in create_session
    exp_session += member
  File "/Users/jennifercheung/anaconda3/lib/python3.10/site-packages/alfred3/experiment.py", line 1604, in __iadd__
    self.append(other)
  File "/Users/jennifercheung/anaconda3/lib/python3.10/site-packages/alfred3/experiment.py", line 1601, in append
    self.root_section.members["_content"].append(item)
  File "/Users/jennifercheung/anaconda3/lib/python3.10/site-packages/alfred3/section.py", line 463, in append
    item.added_to_experiment(self.experiment)
  File "/Users/jennifercheung/anaconda3/lib/python3.10/site-packages/alfred3/section.py", line 415, in added_to_experiment
    self._update_members_recursively()
  File "/Users/jennifercheung/anaconda3/lib/python3.10/site-packages/alfred3/section.py", line 427, in _update_members_recursively
    self._update_members()
  File "/Users/jennifercheung/anaconda3/lib/python3.10/site-packages/alfred3/section.py", line 421, in _update_members
    member.added_to_experiment(self.exp)
  File "/Users/jennifercheung/anaconda3/lib/python3.10/site-packages/alfred3/page.py", line 1029, in added_to_experiment
    super().added_to_experiment(experiment)
  File "/Users/jennifercheung/anaconda3/lib/python3.10/site-packages/alfred3/page.py", line 566, in added_to_experiment
    self.on_exp_access()
  File "/Users/jennifercheung/Desktop/Northeastern/Co-Op/coop/script.py", line 87, in on_exp_access
    file_path = self.exp.values["file"]
KeyError: 'file'
