2024-02-09 01:06:30,517 - exp.93997e086bc74bfa9a5824844c290eab - DEBUG - experiment id=93997e086bc74bfa9a5824844c290eab - session id=test-sid-fc35dc57b5d041c6ac03e833c41a0412 - No encryption key found. Encryptor was not set.
2024-02-09 01:06:30,522 - exp.93997e086bc74bfa9a5824844c290eab.saving_agent.SavingAgentController - INFO - experiment id=93997e086bc74bfa9a5824844c290eab - session id=test-sid-fc35dc57b5d041c6ac03e833c41a0412 - Continuous SavingAgent AutoLocalSavingAgent(name='data', level=1, path='save/exp') added to experiment
2024-02-09 01:06:30,524 - exp.93997e086bc74bfa9a5824844c290eab.saving_agent.SavingAgentController - INFO - experiment id=93997e086bc74bfa9a5824844c290eab - session id=test-sid-fc35dc57b5d041c6ac03e833c41a0412 - Continuous SavingAgent AutoLocalSavingAgent(name='local_unlinked', level=1, path='save/unlinked') added to experiment
2024-02-09 01:06:30,528 - exp.93997e086bc74bfa9a5824844c290eab - WARNING - experiment id=93997e086bc74bfa9a5824844c290eab - session id=test-sid-fc35dc57b5d041c6ac03e833c41a0412 - The property ExperimentSession.session will be removed in the next major release.
2024-02-09 01:06:30,528 - exp.93997e086bc74bfa9a5824844c290eab - WARNING - experiment id=93997e086bc74bfa9a5824844c290eab - session id=test-sid-fc35dc57b5d041c6ac03e833c41a0412 - The property ExperimentSession.session_status will be removed in the next major release.
2024-02-09 01:06:30,529 - exp.93997e086bc74bfa9a5824844c290eab - WARNING - experiment id=93997e086bc74bfa9a5824844c290eab - session id=test-sid-fc35dc57b5d041c6ac03e833c41a0412 - The property ExperimentSession.session will be removed in the next major release.
2024-02-09 01:06:30,530 - exp.93997e086bc74bfa9a5824844c290eab - WARNING - experiment id=93997e086bc74bfa9a5824844c290eab - session id=test-sid-fc35dc57b5d041c6ac03e833c41a0412 - The property ExperimentSession.session_status will be removed in the next major release.
2024-02-09 01:06:30,531 - exp.93997e086bc74bfa9a5824844c290eab - WARNING - experiment id=93997e086bc74bfa9a5824844c290eab - session id=test-sid-fc35dc57b5d041c6ac03e833c41a0412 - The property ExperimentSession.session will be removed in the next major release.
2024-02-09 01:06:30,531 - exp.93997e086bc74bfa9a5824844c290eab - WARNING - experiment id=93997e086bc74bfa9a5824844c290eab - session id=test-sid-fc35dc57b5d041c6ac03e833c41a0412 - The property ExperimentSession.session_status will be removed in the next major release.
2024-02-09 01:06:30,532 - exp.93997e086bc74bfa9a5824844c290eab - WARNING - experiment id=93997e086bc74bfa9a5824844c290eab - session id=test-sid-fc35dc57b5d041c6ac03e833c41a0412 - The property ExperimentSession.session will be removed in the next major release.
2024-02-09 01:06:30,532 - exp.93997e086bc74bfa9a5824844c290eab - WARNING - experiment id=93997e086bc74bfa9a5824844c290eab - session id=test-sid-fc35dc57b5d041c6ac03e833c41a0412 - The property ExperimentSession.session_status will be removed in the next major release.
2024-02-09 01:06:30,533 - exp.93997e086bc74bfa9a5824844c290eab - WARNING - experiment id=93997e086bc74bfa9a5824844c290eab - session id=test-sid-fc35dc57b5d041c6ac03e833c41a0412 - The property ExperimentSession.session will be removed in the next major release.
2024-02-09 01:06:30,533 - exp.93997e086bc74bfa9a5824844c290eab - WARNING - experiment id=93997e086bc74bfa9a5824844c290eab - session id=test-sid-fc35dc57b5d041c6ac03e833c41a0412 - The property ExperimentSession.session_status will be removed in the next major release.
2024-02-09 01:06:30,549 - exp.93997e086bc74bfa9a5824844c290eab.ui_controller.UserInterface - DEBUG - experiment id=93997e086bc74bfa9a5824844c290eab - session id=test-sid-fc35dc57b5d041c6ac03e833c41a0412 - Did not find static folder /Users/jennifercheung/Desktop/Northeastern/Co-Op/coop/_static. Passing silently.
2024-02-09 01:06:30,552 - exp.93997e086bc74bfa9a5824844c290eab - WARNING - experiment id=93997e086bc74bfa9a5824844c290eab - session id=test-sid-fc35dc57b5d041c6ac03e833c41a0412 - The property ExperimentSession.session will be removed in the next major release.
2024-02-09 01:06:30,552 - exp.93997e086bc74bfa9a5824844c290eab - WARNING - experiment id=93997e086bc74bfa9a5824844c290eab - session id=test-sid-fc35dc57b5d041c6ac03e833c41a0412 - The property ExperimentSession.session_status will be removed in the next major release.
2024-02-09 01:06:30,553 - exp.93997e086bc74bfa9a5824844c290eab - INFO - experiment id=93997e086bc74bfa9a5824844c290eab - session id=test-sid-fc35dc57b5d041c6ac03e833c41a0412 - Alfred web experiment session initialized! Alfred version: 2.4.0, Experiment title: Example Title, Experiment version: test-1.0
2024-02-09 01:06:30,554 - exp.93997e086bc74bfa9a5824844c290eab - WARNING - experiment id=93997e086bc74bfa9a5824844c290eab - session id=test-sid-fc35dc57b5d041c6ac03e833c41a0412 - The property ExperimentSession.session will be removed in the next major release.
2024-02-09 01:06:30,554 - exp.93997e086bc74bfa9a5824844c290eab - WARNING - experiment id=93997e086bc74bfa9a5824844c290eab - session id=test-sid-fc35dc57b5d041c6ac03e833c41a0412 - The property ExperimentSession.session_status will be removed in the next major release.
2024-02-09 01:06:31,243 - exp.93997e086bc74bfa9a5824844c290eab.saving_agent.AutoLocalSavingAgent - INFO - experiment id=93997e086bc74bfa9a5824844c290eab - session id=test-sid-fc35dc57b5d041c6ac03e833c41a0412 - Running AutoLocalSavingAgent(name='data', level=1, path='save/exp') succeeded.
2024-02-09 01:06:31,244 - exp.93997e086bc74bfa9a5824844c290eab - WARNING - experiment id=93997e086bc74bfa9a5824844c290eab - session id=test-sid-fc35dc57b5d041c6ac03e833c41a0412 - The property ExperimentSession.session will be removed in the next major release.
2024-02-09 01:06:31,245 - exp.93997e086bc74bfa9a5824844c290eab - WARNING - experiment id=93997e086bc74bfa9a5824844c290eab - session id=test-sid-fc35dc57b5d041c6ac03e833c41a0412 - The property ExperimentSession.session_status will be removed in the next major release.
2024-02-09 01:06:31,247 - exp.93997e086bc74bfa9a5824844c290eab - WARNING - experiment id=93997e086bc74bfa9a5824844c290eab - session id=test-sid-fc35dc57b5d041c6ac03e833c41a0412 - The property ExperimentSession.session will be removed in the next major release.
2024-02-09 01:06:31,248 - exp.93997e086bc74bfa9a5824844c290eab - WARNING - experiment id=93997e086bc74bfa9a5824844c290eab - session id=test-sid-fc35dc57b5d041c6ac03e833c41a0412 - The property ExperimentSession.session_status will be removed in the next major release.
2024-02-09 01:06:31,249 - exp.93997e086bc74bfa9a5824844c290eab - WARNING - experiment id=93997e086bc74bfa9a5824844c290eab - session id=test-sid-fc35dc57b5d041c6ac03e833c41a0412 - The property ExperimentSession.session will be removed in the next major release.
2024-02-09 01:06:31,249 - exp.93997e086bc74bfa9a5824844c290eab - WARNING - experiment id=93997e086bc74bfa9a5824844c290eab - session id=test-sid-fc35dc57b5d041c6ac03e833c41a0412 - The property ExperimentSession.session_status will be removed in the next major release.
2024-02-09 01:06:31,251 - exp.93997e086bc74bfa9a5824844c290eab - WARNING - experiment id=93997e086bc74bfa9a5824844c290eab - session id=test-sid-fc35dc57b5d041c6ac03e833c41a0412 - The property ExperimentSession.session will be removed in the next major release.
2024-02-09 01:06:31,251 - exp.93997e086bc74bfa9a5824844c290eab - WARNING - experiment id=93997e086bc74bfa9a5824844c290eab - session id=test-sid-fc35dc57b5d041c6ac03e833c41a0412 - The property ExperimentSession.session_status will be removed in the next major release.
2024-02-09 01:06:31,253 - exp.93997e086bc74bfa9a5824844c290eab - WARNING - experiment id=93997e086bc74bfa9a5824844c290eab - session id=test-sid-fc35dc57b5d041c6ac03e833c41a0412 - The property ExperimentSession.session will be removed in the next major release.
2024-02-09 01:06:31,253 - exp.93997e086bc74bfa9a5824844c290eab - WARNING - experiment id=93997e086bc74bfa9a5824844c290eab - session id=test-sid-fc35dc57b5d041c6ac03e833c41a0412 - The property ExperimentSession.session_status will be removed in the next major release.
2024-02-09 01:06:31,254 - exp.93997e086bc74bfa9a5824844c290eab - WARNING - experiment id=93997e086bc74bfa9a5824844c290eab - session id=test-sid-fc35dc57b5d041c6ac03e833c41a0412 - The property ExperimentSession.session will be removed in the next major release.
2024-02-09 01:06:31,255 - exp.93997e086bc74bfa9a5824844c290eab - WARNING - experiment id=93997e086bc74bfa9a5824844c290eab - session id=test-sid-fc35dc57b5d041c6ac03e833c41a0412 - The property ExperimentSession.session_status will be removed in the next major release.
2024-02-09 01:06:31,260 - exp.93997e086bc74bfa9a5824844c290eab - WARNING - experiment id=93997e086bc74bfa9a5824844c290eab - session id=test-sid-fc35dc57b5d041c6ac03e833c41a0412 - The property ExperimentSession.session will be removed in the next major release.
2024-02-09 01:06:31,261 - exp.93997e086bc74bfa9a5824844c290eab - WARNING - experiment id=93997e086bc74bfa9a5824844c290eab - session id=test-sid-fc35dc57b5d041c6ac03e833c41a0412 - The property ExperimentSession.session_status will be removed in the next major release.
2024-02-09 01:06:31,262 - exp.93997e086bc74bfa9a5824844c290eab - WARNING - experiment id=93997e086bc74bfa9a5824844c290eab - session id=test-sid-fc35dc57b5d041c6ac03e833c41a0412 - The property ExperimentSession.session will be removed in the next major release.
2024-02-09 01:06:31,262 - exp.93997e086bc74bfa9a5824844c290eab - WARNING - experiment id=93997e086bc74bfa9a5824844c290eab - session id=test-sid-fc35dc57b5d041c6ac03e833c41a0412 - The property ExperimentSession.session_status will be removed in the next major release.
2024-02-09 01:06:31,263 - exp.93997e086bc74bfa9a5824844c290eab - WARNING - experiment id=93997e086bc74bfa9a5824844c290eab - session id=test-sid-fc35dc57b5d041c6ac03e833c41a0412 - The property ExperimentSession.session will be removed in the next major release.
2024-02-09 01:06:31,263 - exp.93997e086bc74bfa9a5824844c290eab - WARNING - experiment id=93997e086bc74bfa9a5824844c290eab - session id=test-sid-fc35dc57b5d041c6ac03e833c41a0412 - The property ExperimentSession.session_status will be removed in the next major release.
2024-02-09 01:06:31,264 - exp.93997e086bc74bfa9a5824844c290eab - ERROR - experiment id=93997e086bc74bfa9a5824844c290eab - session id=sid-fc35dc57b5d041c6ac03e833c41a0412 - Exception during experiment generation.
Traceback (most recent call last):
  File "/Users/jennifercheung/anaconda3/lib/python3.10/site-packages/alfred3/localserver.py", line 65, in start
    script.exp_session = script.exp.create_session(
  File "/Users/jennifercheung/anaconda3/lib/python3.10/site-packages/alfred3/experiment.py", line 453, in create_session
    exp_session += member
  File "/Users/jennifercheung/anaconda3/lib/python3.10/site-packages/alfred3/experiment.py", line 1604, in __iadd__
    self.append(other)
  File "/Users/jennifercheung/anaconda3/lib/python3.10/site-packages/alfred3/experiment.py", line 1601, in append
    self.root_section.members["_content"].append(item)
  File "/Users/jennifercheung/anaconda3/lib/python3.10/site-packages/alfred3/section.py", line 463, in append
    item.added_to_experiment(self.experiment)
  File "/Users/jennifercheung/anaconda3/lib/python3.10/site-packages/alfred3/section.py", line 415, in added_to_experiment
    self._update_members_recursively()
  File "/Users/jennifercheung/anaconda3/lib/python3.10/site-packages/alfred3/section.py", line 427, in _update_members_recursively
    self._update_members()
  File "/Users/jennifercheung/anaconda3/lib/python3.10/site-packages/alfred3/section.py", line 421, in _update_members
    member.added_to_experiment(self.exp)
  File "/Users/jennifercheung/anaconda3/lib/python3.10/site-packages/alfred3/page.py", line 1029, in added_to_experiment
    super().added_to_experiment(experiment)
  File "/Users/jennifercheung/anaconda3/lib/python3.10/site-packages/alfred3/page.py", line 566, in added_to_experiment
    self.on_exp_access()
  File "/Users/jennifercheung/Desktop/Northeastern/Co-Op/coop/script.py", line 87, in on_exp_access
    file_path = self.exp.values["file"]
KeyError: 'file'
2024-02-09 01:10:54,840 - exp.93997e086bc74bfa9a5824844c290eab - DEBUG - experiment id=93997e086bc74bfa9a5824844c290eab - session id=test-sid-5da38e6561d74161809b4d32589d09a7 - No encryption key found. Encryptor was not set.
2024-02-09 01:10:54,845 - exp.93997e086bc74bfa9a5824844c290eab.saving_agent.SavingAgentController - INFO - experiment id=93997e086bc74bfa9a5824844c290eab - session id=test-sid-5da38e6561d74161809b4d32589d09a7 - Continuous SavingAgent AutoLocalSavingAgent(name='data', level=1, path='save/exp') added to experiment
2024-02-09 01:10:54,848 - exp.93997e086bc74bfa9a5824844c290eab.saving_agent.SavingAgentController - INFO - experiment id=93997e086bc74bfa9a5824844c290eab - session id=test-sid-5da38e6561d74161809b4d32589d09a7 - Continuous SavingAgent AutoLocalSavingAgent(name='local_unlinked', level=1, path='save/unlinked') added to experiment
2024-02-09 01:10:54,852 - exp.93997e086bc74bfa9a5824844c290eab - WARNING - experiment id=93997e086bc74bfa9a5824844c290eab - session id=test-sid-5da38e6561d74161809b4d32589d09a7 - The property ExperimentSession.session will be removed in the next major release.
2024-02-09 01:10:54,852 - exp.93997e086bc74bfa9a5824844c290eab - WARNING - experiment id=93997e086bc74bfa9a5824844c290eab - session id=test-sid-5da38e6561d74161809b4d32589d09a7 - The property ExperimentSession.session_status will be removed in the next major release.
2024-02-09 01:10:54,853 - exp.93997e086bc74bfa9a5824844c290eab - WARNING - experiment id=93997e086bc74bfa9a5824844c290eab - session id=test-sid-5da38e6561d74161809b4d32589d09a7 - The property ExperimentSession.session will be removed in the next major release.
2024-02-09 01:10:54,853 - exp.93997e086bc74bfa9a5824844c290eab - WARNING - experiment id=93997e086bc74bfa9a5824844c290eab - session id=test-sid-5da38e6561d74161809b4d32589d09a7 - The property ExperimentSession.session_status will be removed in the next major release.
2024-02-09 01:10:54,854 - exp.93997e086bc74bfa9a5824844c290eab - WARNING - experiment id=93997e086bc74bfa9a5824844c290eab - session id=test-sid-5da38e6561d74161809b4d32589d09a7 - The property ExperimentSession.session will be removed in the next major release.
2024-02-09 01:10:54,855 - exp.93997e086bc74bfa9a5824844c290eab - WARNING - experiment id=93997e086bc74bfa9a5824844c290eab - session id=test-sid-5da38e6561d74161809b4d32589d09a7 - The property ExperimentSession.session_status will be removed in the next major release.
2024-02-09 01:10:54,856 - exp.93997e086bc74bfa9a5824844c290eab - WARNING - experiment id=93997e086bc74bfa9a5824844c290eab - session id=test-sid-5da38e6561d74161809b4d32589d09a7 - The property ExperimentSession.session will be removed in the next major release.
2024-02-09 01:10:54,856 - exp.93997e086bc74bfa9a5824844c290eab - WARNING - experiment id=93997e086bc74bfa9a5824844c290eab - session id=test-sid-5da38e6561d74161809b4d32589d09a7 - The property ExperimentSession.session_status will be removed in the next major release.
2024-02-09 01:10:54,857 - exp.93997e086bc74bfa9a5824844c290eab - WARNING - experiment id=93997e086bc74bfa9a5824844c290eab - session id=test-sid-5da38e6561d74161809b4d32589d09a7 - The property ExperimentSession.session will be removed in the next major release.
2024-02-09 01:10:54,857 - exp.93997e086bc74bfa9a5824844c290eab - WARNING - experiment id=93997e086bc74bfa9a5824844c290eab - session id=test-sid-5da38e6561d74161809b4d32589d09a7 - The property ExperimentSession.session_status will be removed in the next major release.
2024-02-09 01:10:54,884 - exp.93997e086bc74bfa9a5824844c290eab.ui_controller.UserInterface - DEBUG - experiment id=93997e086bc74bfa9a5824844c290eab - session id=test-sid-5da38e6561d74161809b4d32589d09a7 - Did not find static folder /Users/jennifercheung/Desktop/Northeastern/Co-Op/coop/_static. Passing silently.
2024-02-09 01:10:54,886 - exp.93997e086bc74bfa9a5824844c290eab - WARNING - experiment id=93997e086bc74bfa9a5824844c290eab - session id=test-sid-5da38e6561d74161809b4d32589d09a7 - The property ExperimentSession.session will be removed in the next major release.
2024-02-09 01:10:54,886 - exp.93997e086bc74bfa9a5824844c290eab - WARNING - experiment id=93997e086bc74bfa9a5824844c290eab - session id=test-sid-5da38e6561d74161809b4d32589d09a7 - The property ExperimentSession.session_status will be removed in the next major release.
2024-02-09 01:10:54,887 - exp.93997e086bc74bfa9a5824844c290eab - INFO - experiment id=93997e086bc74bfa9a5824844c290eab - session id=test-sid-5da38e6561d74161809b4d32589d09a7 - Alfred web experiment session initialized! Alfred version: 2.4.0, Experiment title: Example Title, Experiment version: test-1.0
2024-02-09 01:10:54,887 - exp.93997e086bc74bfa9a5824844c290eab - WARNING - experiment id=93997e086bc74bfa9a5824844c290eab - session id=test-sid-5da38e6561d74161809b4d32589d09a7 - The property ExperimentSession.session will be removed in the next major release.
2024-02-09 01:10:54,887 - exp.93997e086bc74bfa9a5824844c290eab - WARNING - experiment id=93997e086bc74bfa9a5824844c290eab - session id=test-sid-5da38e6561d74161809b4d32589d09a7 - The property ExperimentSession.session_status will be removed in the next major release.
2024-02-09 01:10:55,168 - exp.93997e086bc74bfa9a5824844c290eab.saving_agent.AutoLocalSavingAgent - INFO - experiment id=93997e086bc74bfa9a5824844c290eab - session id=test-sid-5da38e6561d74161809b4d32589d09a7 - Running AutoLocalSavingAgent(name='data', level=1, path='save/exp') succeeded.
2024-02-09 01:10:55,169 - exp.93997e086bc74bfa9a5824844c290eab - WARNING - experiment id=93997e086bc74bfa9a5824844c290eab - session id=test-sid-5da38e6561d74161809b4d32589d09a7 - The property ExperimentSession.session will be removed in the next major release.
2024-02-09 01:10:55,170 - exp.93997e086bc74bfa9a5824844c290eab - WARNING - experiment id=93997e086bc74bfa9a5824844c290eab - session id=test-sid-5da38e6561d74161809b4d32589d09a7 - The property ExperimentSession.session_status will be removed in the next major release.
2024-02-09 01:10:55,172 - exp.93997e086bc74bfa9a5824844c290eab - WARNING - experiment id=93997e086bc74bfa9a5824844c290eab - session id=test-sid-5da38e6561d74161809b4d32589d09a7 - The property ExperimentSession.session will be removed in the next major release.
2024-02-09 01:10:55,172 - exp.93997e086bc74bfa9a5824844c290eab - WARNING - experiment id=93997e086bc74bfa9a5824844c290eab - session id=test-sid-5da38e6561d74161809b4d32589d09a7 - The property ExperimentSession.session_status will be removed in the next major release.
2024-02-09 01:10:55,173 - exp.93997e086bc74bfa9a5824844c290eab - WARNING - experiment id=93997e086bc74bfa9a5824844c290eab - session id=test-sid-5da38e6561d74161809b4d32589d09a7 - The property ExperimentSession.session will be removed in the next major release.
2024-02-09 01:10:55,173 - exp.93997e086bc74bfa9a5824844c290eab - WARNING - experiment id=93997e086bc74bfa9a5824844c290eab - session id=test-sid-5da38e6561d74161809b4d32589d09a7 - The property ExperimentSession.session_status will be removed in the next major release.
2024-02-09 01:10:55,174 - exp.93997e086bc74bfa9a5824844c290eab - WARNING - experiment id=93997e086bc74bfa9a5824844c290eab - session id=test-sid-5da38e6561d74161809b4d32589d09a7 - The property ExperimentSession.session will be removed in the next major release.
2024-02-09 01:10:55,174 - exp.93997e086bc74bfa9a5824844c290eab - WARNING - experiment id=93997e086bc74bfa9a5824844c290eab - session id=test-sid-5da38e6561d74161809b4d32589d09a7 - The property ExperimentSession.session_status will be removed in the next major release.
2024-02-09 01:10:55,176 - exp.93997e086bc74bfa9a5824844c290eab - WARNING - experiment id=93997e086bc74bfa9a5824844c290eab - session id=test-sid-5da38e6561d74161809b4d32589d09a7 - The property ExperimentSession.session will be removed in the next major release.
2024-02-09 01:10:55,176 - exp.93997e086bc74bfa9a5824844c290eab - WARNING - experiment id=93997e086bc74bfa9a5824844c290eab - session id=test-sid-5da38e6561d74161809b4d32589d09a7 - The property ExperimentSession.session_status will be removed in the next major release.
2024-02-09 01:10:55,177 - exp.93997e086bc74bfa9a5824844c290eab - WARNING - experiment id=93997e086bc74bfa9a5824844c290eab - session id=test-sid-5da38e6561d74161809b4d32589d09a7 - The property ExperimentSession.session will be removed in the next major release.
2024-02-09 01:10:55,177 - exp.93997e086bc74bfa9a5824844c290eab - WARNING - experiment id=93997e086bc74bfa9a5824844c290eab - session id=test-sid-5da38e6561d74161809b4d32589d09a7 - The property ExperimentSession.session_status will be removed in the next major release.
2024-02-09 01:10:55,182 - exp.93997e086bc74bfa9a5824844c290eab - WARNING - experiment id=93997e086bc74bfa9a5824844c290eab - session id=test-sid-5da38e6561d74161809b4d32589d09a7 - The property ExperimentSession.session will be removed in the next major release.
2024-02-09 01:10:55,182 - exp.93997e086bc74bfa9a5824844c290eab - WARNING - experiment id=93997e086bc74bfa9a5824844c290eab - session id=test-sid-5da38e6561d74161809b4d32589d09a7 - The property ExperimentSession.session_status will be removed in the next major release.
2024-02-09 01:10:55,183 - exp.93997e086bc74bfa9a5824844c290eab - WARNING - experiment id=93997e086bc74bfa9a5824844c290eab - session id=test-sid-5da38e6561d74161809b4d32589d09a7 - The property ExperimentSession.session will be removed in the next major release.
2024-02-09 01:10:55,183 - exp.93997e086bc74bfa9a5824844c290eab - WARNING - experiment id=93997e086bc74bfa9a5824844c290eab - session id=test-sid-5da38e6561d74161809b4d32589d09a7 - The property ExperimentSession.session_status will be removed in the next major release.
2024-02-09 01:10:55,184 - exp.93997e086bc74bfa9a5824844c290eab - WARNING - experiment id=93997e086bc74bfa9a5824844c290eab - session id=test-sid-5da38e6561d74161809b4d32589d09a7 - The property ExperimentSession.session will be removed in the next major release.
2024-02-09 01:10:55,184 - exp.93997e086bc74bfa9a5824844c290eab - WARNING - experiment id=93997e086bc74bfa9a5824844c290eab - session id=test-sid-5da38e6561d74161809b4d32589d09a7 - The property ExperimentSession.session_status will be removed in the next major release.
2024-02-09 01:10:55,185 - exp.93997e086bc74bfa9a5824844c290eab - ERROR - experiment id=93997e086bc74bfa9a5824844c290eab - session id=sid-5da38e6561d74161809b4d32589d09a7 - Exception during experiment generation.
Traceback (most recent call last):
  File "/Users/jennifercheung/anaconda3/lib/python3.10/site-packages/alfred3/localserver.py", line 65, in start
    script.exp_session = script.exp.create_session(
  File "/Users/jennifercheung/anaconda3/lib/python3.10/site-packages/alfred3/experiment.py", line 453, in create_session
    exp_session += member
  File "/Users/jennifercheung/anaconda3/lib/python3.10/site-packages/alfred3/experiment.py", line 1604, in __iadd__
    self.append(other)
  File "/Users/jennifercheung/anaconda3/lib/python3.10/site-packages/alfred3/experiment.py", line 1601, in append
    self.root_section.members["_content"].append(item)
  File "/Users/jennifercheung/anaconda3/lib/python3.10/site-packages/alfred3/section.py", line 463, in append
    item.added_to_experiment(self.experiment)
  File "/Users/jennifercheung/anaconda3/lib/python3.10/site-packages/alfred3/section.py", line 415, in added_to_experiment
    self._update_members_recursively()
  File "/Users/jennifercheung/anaconda3/lib/python3.10/site-packages/alfred3/section.py", line 427, in _update_members_recursively
    self._update_members()
  File "/Users/jennifercheung/anaconda3/lib/python3.10/site-packages/alfred3/section.py", line 421, in _update_members
    member.added_to_experiment(self.exp)
  File "/Users/jennifercheung/anaconda3/lib/python3.10/site-packages/alfred3/page.py", line 1029, in added_to_experiment
    super().added_to_experiment(experiment)
  File "/Users/jennifercheung/anaconda3/lib/python3.10/site-packages/alfred3/page.py", line 566, in added_to_experiment
    self.on_exp_access()
  File "/Users/jennifercheung/Desktop/Northeastern/Co-Op/coop/script.py", line 87, in on_exp_access
    file_path = self.exp.values["f"]
KeyError: 'f'
2024-02-09 01:15:50,705 - exp.93997e086bc74bfa9a5824844c290eab - DEBUG - experiment id=93997e086bc74bfa9a5824844c290eab - session id=test-sid-d5a66cf358684876a7f700526860d17d - No encryption key found. Encryptor was not set.
2024-02-09 01:15:50,710 - exp.93997e086bc74bfa9a5824844c290eab.saving_agent.SavingAgentController - INFO - experiment id=93997e086bc74bfa9a5824844c290eab - session id=test-sid-d5a66cf358684876a7f700526860d17d - Continuous SavingAgent AutoLocalSavingAgent(name='data', level=1, path='save/exp') added to experiment
2024-02-09 01:15:50,712 - exp.93997e086bc74bfa9a5824844c290eab.saving_agent.SavingAgentController - INFO - experiment id=93997e086bc74bfa9a5824844c290eab - session id=test-sid-d5a66cf358684876a7f700526860d17d - Continuous SavingAgent AutoLocalSavingAgent(name='local_unlinked', level=1, path='save/unlinked') added to experiment
2024-02-09 01:15:50,717 - exp.93997e086bc74bfa9a5824844c290eab - WARNING - experiment id=93997e086bc74bfa9a5824844c290eab - session id=test-sid-d5a66cf358684876a7f700526860d17d - The property ExperimentSession.session will be removed in the next major release.
2024-02-09 01:15:50,718 - exp.93997e086bc74bfa9a5824844c290eab - WARNING - experiment id=93997e086bc74bfa9a5824844c290eab - session id=test-sid-d5a66cf358684876a7f700526860d17d - The property ExperimentSession.session_status will be removed in the next major release.
2024-02-09 01:15:50,719 - exp.93997e086bc74bfa9a5824844c290eab - WARNING - experiment id=93997e086bc74bfa9a5824844c290eab - session id=test-sid-d5a66cf358684876a7f700526860d17d - The property ExperimentSession.session will be removed in the next major release.
2024-02-09 01:15:50,720 - exp.93997e086bc74bfa9a5824844c290eab - WARNING - experiment id=93997e086bc74bfa9a5824844c290eab - session id=test-sid-d5a66cf358684876a7f700526860d17d - The property ExperimentSession.session_status will be removed in the next major release.
2024-02-09 01:15:50,721 - exp.93997e086bc74bfa9a5824844c290eab - WARNING - experiment id=93997e086bc74bfa9a5824844c290eab - session id=test-sid-d5a66cf358684876a7f700526860d17d - The property ExperimentSession.session will be removed in the next major release.
2024-02-09 01:15:50,722 - exp.93997e086bc74bfa9a5824844c290eab - WARNING - experiment id=93997e086bc74bfa9a5824844c290eab - session id=test-sid-d5a66cf358684876a7f700526860d17d - The property ExperimentSession.session_status will be removed in the next major release.
2024-02-09 01:15:50,723 - exp.93997e086bc74bfa9a5824844c290eab - WARNING - experiment id=93997e086bc74bfa9a5824844c290eab - session id=test-sid-d5a66cf358684876a7f700526860d17d - The property ExperimentSession.session will be removed in the next major release.
2024-02-09 01:15:50,724 - exp.93997e086bc74bfa9a5824844c290eab - WARNING - experiment id=93997e086bc74bfa9a5824844c290eab - session id=test-sid-d5a66cf358684876a7f700526860d17d - The property ExperimentSession.session_status will be removed in the next major release.
2024-02-09 01:15:50,726 - exp.93997e086bc74bfa9a5824844c290eab - WARNING - experiment id=93997e086bc74bfa9a5824844c290eab - session id=test-sid-d5a66cf358684876a7f700526860d17d - The property ExperimentSession.session will be removed in the next major release.
2024-02-09 01:15:50,727 - exp.93997e086bc74bfa9a5824844c290eab - WARNING - experiment id=93997e086bc74bfa9a5824844c290eab - session id=test-sid-d5a66cf358684876a7f700526860d17d - The property ExperimentSession.session_status will be removed in the next major release.
2024-02-09 01:15:50,749 - exp.93997e086bc74bfa9a5824844c290eab.ui_controller.UserInterface - DEBUG - experiment id=93997e086bc74bfa9a5824844c290eab - session id=test-sid-d5a66cf358684876a7f700526860d17d - Did not find static folder /Users/jennifercheung/Desktop/Northeastern/Co-Op/coop/_static. Passing silently.
2024-02-09 01:15:50,751 - exp.93997e086bc74bfa9a5824844c290eab - WARNING - experiment id=93997e086bc74bfa9a5824844c290eab - session id=test-sid-d5a66cf358684876a7f700526860d17d - The property ExperimentSession.session will be removed in the next major release.
2024-02-09 01:15:50,751 - exp.93997e086bc74bfa9a5824844c290eab - WARNING - experiment id=93997e086bc74bfa9a5824844c290eab - session id=test-sid-d5a66cf358684876a7f700526860d17d - The property ExperimentSession.session_status will be removed in the next major release.
2024-02-09 01:15:50,751 - exp.93997e086bc74bfa9a5824844c290eab - INFO - experiment id=93997e086bc74bfa9a5824844c290eab - session id=test-sid-d5a66cf358684876a7f700526860d17d - Alfred web experiment session initialized! Alfred version: 2.4.0, Experiment title: Example Title, Experiment version: test-1.0
2024-02-09 01:15:50,752 - exp.93997e086bc74bfa9a5824844c290eab - WARNING - experiment id=93997e086bc74bfa9a5824844c290eab - session id=test-sid-d5a66cf358684876a7f700526860d17d - The property ExperimentSession.session will be removed in the next major release.
2024-02-09 01:15:50,752 - exp.93997e086bc74bfa9a5824844c290eab - WARNING - experiment id=93997e086bc74bfa9a5824844c290eab - session id=test-sid-d5a66cf358684876a7f700526860d17d - The property ExperimentSession.session_status will be removed in the next major release.
2024-02-09 01:15:51,325 - exp.93997e086bc74bfa9a5824844c290eab.saving_agent.AutoLocalSavingAgent - INFO - experiment id=93997e086bc74bfa9a5824844c290eab - session id=test-sid-d5a66cf358684876a7f700526860d17d - Running AutoLocalSavingAgent(name='data', level=1, path='save/exp') succeeded.
2024-02-09 01:15:51,327 - exp.93997e086bc74bfa9a5824844c290eab - WARNING - experiment id=93997e086bc74bfa9a5824844c290eab - session id=test-sid-d5a66cf358684876a7f700526860d17d - The property ExperimentSession.session will be removed in the next major release.
2024-02-09 01:15:51,327 - exp.93997e086bc74bfa9a5824844c290eab - WARNING - experiment id=93997e086bc74bfa9a5824844c290eab - session id=test-sid-d5a66cf358684876a7f700526860d17d - The property ExperimentSession.session_status will be removed in the next major release.
2024-02-09 01:15:51,331 - exp.93997e086bc74bfa9a5824844c290eab - WARNING - experiment id=93997e086bc74bfa9a5824844c290eab - session id=test-sid-d5a66cf358684876a7f700526860d17d - The property ExperimentSession.session will be removed in the next major release.
2024-02-09 01:15:51,331 - exp.93997e086bc74bfa9a5824844c290eab - WARNING - experiment id=93997e086bc74bfa9a5824844c290eab - session id=test-sid-d5a66cf358684876a7f700526860d17d - The property ExperimentSession.session_status will be removed in the next major release.
2024-02-09 01:15:51,333 - exp.93997e086bc74bfa9a5824844c290eab - WARNING - experiment id=93997e086bc74bfa9a5824844c290eab - session id=test-sid-d5a66cf358684876a7f700526860d17d - The property ExperimentSession.session will be removed in the next major release.
2024-02-09 01:15:51,333 - exp.93997e086bc74bfa9a5824844c290eab - WARNING - experiment id=93997e086bc74bfa9a5824844c290eab - session id=test-sid-d5a66cf358684876a7f700526860d17d - The property ExperimentSession.session_status will be removed in the next major release.
2024-02-09 01:15:51,334 - exp.93997e086bc74bfa9a5824844c290eab - WARNING - experiment id=93997e086bc74bfa9a5824844c290eab - session id=test-sid-d5a66cf358684876a7f700526860d17d - The property ExperimentSession.session will be removed in the next major release.
2024-02-09 01:15:51,334 - exp.93997e086bc74bfa9a5824844c290eab - WARNING - experiment id=93997e086bc74bfa9a5824844c290eab - session id=test-sid-d5a66cf358684876a7f700526860d17d - The property ExperimentSession.session_status will be removed in the next major release.
2024-02-09 01:15:51,337 - exp.93997e086bc74bfa9a5824844c290eab - WARNING - experiment id=93997e086bc74bfa9a5824844c290eab - session id=test-sid-d5a66cf358684876a7f700526860d17d - The property ExperimentSession.session will be removed in the next major release.
2024-02-09 01:15:51,337 - exp.93997e086bc74bfa9a5824844c290eab - WARNING - experiment id=93997e086bc74bfa9a5824844c290eab - session id=test-sid-d5a66cf358684876a7f700526860d17d - The property ExperimentSession.session_status will be removed in the next major release.
2024-02-09 01:15:51,338 - exp.93997e086bc74bfa9a5824844c290eab - WARNING - experiment id=93997e086bc74bfa9a5824844c290eab - session id=test-sid-d5a66cf358684876a7f700526860d17d - The property ExperimentSession.session will be removed in the next major release.
2024-02-09 01:15:51,339 - exp.93997e086bc74bfa9a5824844c290eab - WARNING - experiment id=93997e086bc74bfa9a5824844c290eab - session id=test-sid-d5a66cf358684876a7f700526860d17d - The property ExperimentSession.session_status will be removed in the next major release.
2024-02-09 01:15:51,344 - exp.93997e086bc74bfa9a5824844c290eab - WARNING - experiment id=93997e086bc74bfa9a5824844c290eab - session id=test-sid-d5a66cf358684876a7f700526860d17d - The property ExperimentSession.session will be removed in the next major release.
2024-02-09 01:15:51,344 - exp.93997e086bc74bfa9a5824844c290eab - WARNING - experiment id=93997e086bc74bfa9a5824844c290eab - session id=test-sid-d5a66cf358684876a7f700526860d17d - The property ExperimentSession.session_status will be removed in the next major release.
2024-02-09 01:15:51,345 - exp.93997e086bc74bfa9a5824844c290eab - WARNING - experiment id=93997e086bc74bfa9a5824844c290eab - session id=test-sid-d5a66cf358684876a7f700526860d17d - The property ExperimentSession.session will be removed in the next major release.
2024-02-09 01:15:51,345 - exp.93997e086bc74bfa9a5824844c290eab - WARNING - experiment id=93997e086bc74bfa9a5824844c290eab - session id=test-sid-d5a66cf358684876a7f700526860d17d - The property ExperimentSession.session_status will be removed in the next major release.
2024-02-09 01:15:51,346 - exp.93997e086bc74bfa9a5824844c290eab - WARNING - experiment id=93997e086bc74bfa9a5824844c290eab - session id=test-sid-d5a66cf358684876a7f700526860d17d - The property ExperimentSession.session will be removed in the next major release.
2024-02-09 01:15:51,347 - exp.93997e086bc74bfa9a5824844c290eab - WARNING - experiment id=93997e086bc74bfa9a5824844c290eab - session id=test-sid-d5a66cf358684876a7f700526860d17d - The property ExperimentSession.session_status will be removed in the next major release.
2024-02-09 01:15:51,348 - exp.93997e086bc74bfa9a5824844c290eab - ERROR - experiment id=93997e086bc74bfa9a5824844c290eab - session id=sid-d5a66cf358684876a7f700526860d17d - Exception during experiment generation.
Traceback (most recent call last):
  File "/Users/jennifercheung/anaconda3/lib/python3.10/site-packages/alfred3/localserver.py", line 65, in start
    script.exp_session = script.exp.create_session(
  File "/Users/jennifercheung/anaconda3/lib/python3.10/site-packages/alfred3/experiment.py", line 453, in create_session
    exp_session += member
  File "/Users/jennifercheung/anaconda3/lib/python3.10/site-packages/alfred3/experiment.py", line 1604, in __iadd__
    self.append(other)
  File "/Users/jennifercheung/anaconda3/lib/python3.10/site-packages/alfred3/experiment.py", line 1601, in append
    self.root_section.members["_content"].append(item)
  File "/Users/jennifercheung/anaconda3/lib/python3.10/site-packages/alfred3/section.py", line 463, in append
    item.added_to_experiment(self.experiment)
  File "/Users/jennifercheung/anaconda3/lib/python3.10/site-packages/alfred3/section.py", line 415, in added_to_experiment
    self._update_members_recursively()
  File "/Users/jennifercheung/anaconda3/lib/python3.10/site-packages/alfred3/section.py", line 427, in _update_members_recursively
    self._update_members()
  File "/Users/jennifercheung/anaconda3/lib/python3.10/site-packages/alfred3/section.py", line 421, in _update_members
    member.added_to_experiment(self.exp)
  File "/Users/jennifercheung/anaconda3/lib/python3.10/site-packages/alfred3/page.py", line 1029, in added_to_experiment
    super().added_to_experiment(experiment)
  File "/Users/jennifercheung/anaconda3/lib/python3.10/site-packages/alfred3/page.py", line 566, in added_to_experiment
    self.on_exp_access()
  File "/Users/jennifercheung/Desktop/Northeastern/Co-Op/coop/script.py", line 85, in on_exp_access
    file_path = self.exp.values["file"]
KeyError: 'file'
2024-02-09 01:17:26,955 - exp.93997e086bc74bfa9a5824844c290eab - DEBUG - experiment id=93997e086bc74bfa9a5824844c290eab - session id=test-sid-0b8c958d47b74689ac5435baee5a9375 - No encryption key found. Encryptor was not set.
2024-02-09 01:17:26,960 - exp.93997e086bc74bfa9a5824844c290eab.saving_agent.SavingAgentController - INFO - experiment id=93997e086bc74bfa9a5824844c290eab - session id=test-sid-0b8c958d47b74689ac5435baee5a9375 - Continuous SavingAgent AutoLocalSavingAgent(name='data', level=1, path='save/exp') added to experiment
2024-02-09 01:17:26,963 - exp.93997e086bc74bfa9a5824844c290eab.saving_agent.SavingAgentController - INFO - experiment id=93997e086bc74bfa9a5824844c290eab - session id=test-sid-0b8c958d47b74689ac5435baee5a9375 - Continuous SavingAgent AutoLocalSavingAgent(name='local_unlinked', level=1, path='save/unlinked') added to experiment
2024-02-09 01:17:26,969 - exp.93997e086bc74bfa9a5824844c290eab - WARNING - experiment id=93997e086bc74bfa9a5824844c290eab - session id=test-sid-0b8c958d47b74689ac5435baee5a9375 - The property ExperimentSession.session will be removed in the next major release.
2024-02-09 01:17:26,970 - exp.93997e086bc74bfa9a5824844c290eab - WARNING - experiment id=93997e086bc74bfa9a5824844c290eab - session id=test-sid-0b8c958d47b74689ac5435baee5a9375 - The property ExperimentSession.session_status will be removed in the next major release.
2024-02-09 01:17:26,971 - exp.93997e086bc74bfa9a5824844c290eab - WARNING - experiment id=93997e086bc74bfa9a5824844c290eab - session id=test-sid-0b8c958d47b74689ac5435baee5a9375 - The property ExperimentSession.session will be removed in the next major release.
2024-02-09 01:17:26,972 - exp.93997e086bc74bfa9a5824844c290eab - WARNING - experiment id=93997e086bc74bfa9a5824844c290eab - session id=test-sid-0b8c958d47b74689ac5435baee5a9375 - The property ExperimentSession.session_status will be removed in the next major release.
2024-02-09 01:17:26,972 - exp.93997e086bc74bfa9a5824844c290eab - WARNING - experiment id=93997e086bc74bfa9a5824844c290eab - session id=test-sid-0b8c958d47b74689ac5435baee5a9375 - The property ExperimentSession.session will be removed in the next major release.
2024-02-09 01:17:26,972 - exp.93997e086bc74bfa9a5824844c290eab - WARNING - experiment id=93997e086bc74bfa9a5824844c290eab - session id=test-sid-0b8c958d47b74689ac5435baee5a9375 - The property ExperimentSession.session_status will be removed in the next major release.
2024-02-09 01:17:26,973 - exp.93997e086bc74bfa9a5824844c290eab - WARNING - experiment id=93997e086bc74bfa9a5824844c290eab - session id=test-sid-0b8c958d47b74689ac5435baee5a9375 - The property ExperimentSession.session will be removed in the next major release.
2024-02-09 01:17:26,973 - exp.93997e086bc74bfa9a5824844c290eab - WARNING - experiment id=93997e086bc74bfa9a5824844c290eab - session id=test-sid-0b8c958d47b74689ac5435baee5a9375 - The property ExperimentSession.session_status will be removed in the next major release.
2024-02-09 01:17:26,974 - exp.93997e086bc74bfa9a5824844c290eab - WARNING - experiment id=93997e086bc74bfa9a5824844c290eab - session id=test-sid-0b8c958d47b74689ac5435baee5a9375 - The property ExperimentSession.session will be removed in the next major release.
2024-02-09 01:17:26,974 - exp.93997e086bc74bfa9a5824844c290eab - WARNING - experiment id=93997e086bc74bfa9a5824844c290eab - session id=test-sid-0b8c958d47b74689ac5435baee5a9375 - The property ExperimentSession.session_status will be removed in the next major release.
2024-02-09 01:17:26,998 - exp.93997e086bc74bfa9a5824844c290eab.ui_controller.UserInterface - DEBUG - experiment id=93997e086bc74bfa9a5824844c290eab - session id=test-sid-0b8c958d47b74689ac5435baee5a9375 - Did not find static folder /Users/jennifercheung/Desktop/Northeastern/Co-Op/coop/_static. Passing silently.
2024-02-09 01:17:27,003 - exp.93997e086bc74bfa9a5824844c290eab - WARNING - experiment id=93997e086bc74bfa9a5824844c290eab - session id=test-sid-0b8c958d47b74689ac5435baee5a9375 - The property ExperimentSession.session will be removed in the next major release.
2024-02-09 01:17:27,005 - exp.93997e086bc74bfa9a5824844c290eab - WARNING - experiment id=93997e086bc74bfa9a5824844c290eab - session id=test-sid-0b8c958d47b74689ac5435baee5a9375 - The property ExperimentSession.session_status will be removed in the next major release.
2024-02-09 01:17:27,007 - exp.93997e086bc74bfa9a5824844c290eab - INFO - experiment id=93997e086bc74bfa9a5824844c290eab - session id=test-sid-0b8c958d47b74689ac5435baee5a9375 - Alfred web experiment session initialized! Alfred version: 2.4.0, Experiment title: Example Title, Experiment version: test-1.0
2024-02-09 01:17:27,008 - exp.93997e086bc74bfa9a5824844c290eab - WARNING - experiment id=93997e086bc74bfa9a5824844c290eab - session id=test-sid-0b8c958d47b74689ac5435baee5a9375 - The property ExperimentSession.session will be removed in the next major release.
2024-02-09 01:17:27,009 - exp.93997e086bc74bfa9a5824844c290eab - WARNING - experiment id=93997e086bc74bfa9a5824844c290eab - session id=test-sid-0b8c958d47b74689ac5435baee5a9375 - The property ExperimentSession.session_status will be removed in the next major release.
2024-02-09 01:17:27,267 - exp.93997e086bc74bfa9a5824844c290eab.saving_agent.AutoLocalSavingAgent - INFO - experiment id=93997e086bc74bfa9a5824844c290eab - session id=test-sid-0b8c958d47b74689ac5435baee5a9375 - Running AutoLocalSavingAgent(name='data', level=1, path='save/exp') succeeded.
2024-02-09 01:17:27,269 - exp.93997e086bc74bfa9a5824844c290eab - WARNING - experiment id=93997e086bc74bfa9a5824844c290eab - session id=test-sid-0b8c958d47b74689ac5435baee5a9375 - The property ExperimentSession.session will be removed in the next major release.
2024-02-09 01:17:27,269 - exp.93997e086bc74bfa9a5824844c290eab - WARNING - experiment id=93997e086bc74bfa9a5824844c290eab - session id=test-sid-0b8c958d47b74689ac5435baee5a9375 - The property ExperimentSession.session_status will be removed in the next major release.
2024-02-09 01:17:27,272 - exp.93997e086bc74bfa9a5824844c290eab - WARNING - experiment id=93997e086bc74bfa9a5824844c290eab - session id=test-sid-0b8c958d47b74689ac5435baee5a9375 - The property ExperimentSession.session will be removed in the next major release.
2024-02-09 01:17:27,272 - exp.93997e086bc74bfa9a5824844c290eab - WARNING - experiment id=93997e086bc74bfa9a5824844c290eab - session id=test-sid-0b8c958d47b74689ac5435baee5a9375 - The property ExperimentSession.session_status will be removed in the next major release.
2024-02-09 01:17:27,273 - exp.93997e086bc74bfa9a5824844c290eab - WARNING - experiment id=93997e086bc74bfa9a5824844c290eab - session id=test-sid-0b8c958d47b74689ac5435baee5a9375 - The property ExperimentSession.session will be removed in the next major release.
2024-02-09 01:17:27,273 - exp.93997e086bc74bfa9a5824844c290eab - WARNING - experiment id=93997e086bc74bfa9a5824844c290eab - session id=test-sid-0b8c958d47b74689ac5435baee5a9375 - The property ExperimentSession.session_status will be removed in the next major release.
2024-02-09 01:17:27,274 - exp.93997e086bc74bfa9a5824844c290eab - WARNING - experiment id=93997e086bc74bfa9a5824844c290eab - session id=test-sid-0b8c958d47b74689ac5435baee5a9375 - The property ExperimentSession.session will be removed in the next major release.
2024-02-09 01:17:27,274 - exp.93997e086bc74bfa9a5824844c290eab - WARNING - experiment id=93997e086bc74bfa9a5824844c290eab - session id=test-sid-0b8c958d47b74689ac5435baee5a9375 - The property ExperimentSession.session_status will be removed in the next major release.
2024-02-09 01:17:27,275 - exp.93997e086bc74bfa9a5824844c290eab - WARNING - experiment id=93997e086bc74bfa9a5824844c290eab - session id=test-sid-0b8c958d47b74689ac5435baee5a9375 - The property ExperimentSession.session will be removed in the next major release.
2024-02-09 01:17:27,275 - exp.93997e086bc74bfa9a5824844c290eab - WARNING - experiment id=93997e086bc74bfa9a5824844c290eab - session id=test-sid-0b8c958d47b74689ac5435baee5a9375 - The property ExperimentSession.session_status will be removed in the next major release.
2024-02-09 01:17:27,276 - exp.93997e086bc74bfa9a5824844c290eab - WARNING - experiment id=93997e086bc74bfa9a5824844c290eab - session id=test-sid-0b8c958d47b74689ac5435baee5a9375 - The property ExperimentSession.session will be removed in the next major release.
2024-02-09 01:17:27,276 - exp.93997e086bc74bfa9a5824844c290eab - WARNING - experiment id=93997e086bc74bfa9a5824844c290eab - session id=test-sid-0b8c958d47b74689ac5435baee5a9375 - The property ExperimentSession.session_status will be removed in the next major release.
2024-02-09 01:17:27,281 - exp.93997e086bc74bfa9a5824844c290eab - WARNING - experiment id=93997e086bc74bfa9a5824844c290eab - session id=test-sid-0b8c958d47b74689ac5435baee5a9375 - The property ExperimentSession.session will be removed in the next major release.
2024-02-09 01:17:27,281 - exp.93997e086bc74bfa9a5824844c290eab - WARNING - experiment id=93997e086bc74bfa9a5824844c290eab - session id=test-sid-0b8c958d47b74689ac5435baee5a9375 - The property ExperimentSession.session_status will be removed in the next major release.
2024-02-09 01:17:27,282 - exp.93997e086bc74bfa9a5824844c290eab - WARNING - experiment id=93997e086bc74bfa9a5824844c290eab - session id=test-sid-0b8c958d47b74689ac5435baee5a9375 - The property ExperimentSession.session will be removed in the next major release.
2024-02-09 01:17:27,282 - exp.93997e086bc74bfa9a5824844c290eab - WARNING - experiment id=93997e086bc74bfa9a5824844c290eab - session id=test-sid-0b8c958d47b74689ac5435baee5a9375 - The property ExperimentSession.session_status will be removed in the next major release.
2024-02-09 01:17:27,283 - exp.93997e086bc74bfa9a5824844c290eab - WARNING - experiment id=93997e086bc74bfa9a5824844c290eab - session id=test-sid-0b8c958d47b74689ac5435baee5a9375 - The property ExperimentSession.session will be removed in the next major release.
2024-02-09 01:17:27,283 - exp.93997e086bc74bfa9a5824844c290eab - WARNING - experiment id=93997e086bc74bfa9a5824844c290eab - session id=test-sid-0b8c958d47b74689ac5435baee5a9375 - The property ExperimentSession.session_status will be removed in the next major release.
2024-02-09 01:17:27,284 - exp.93997e086bc74bfa9a5824844c290eab - WARNING - experiment id=93997e086bc74bfa9a5824844c290eab - session id=test-sid-0b8c958d47b74689ac5435baee5a9375 - The property ExperimentSession.session will be removed in the next major release.
2024-02-09 01:17:27,285 - exp.93997e086bc74bfa9a5824844c290eab - WARNING - experiment id=93997e086bc74bfa9a5824844c290eab - session id=test-sid-0b8c958d47b74689ac5435baee5a9375 - The property ExperimentSession.session_status will be removed in the next major release.
2024-02-09 01:17:27,285 - exp.93997e086bc74bfa9a5824844c290eab - WARNING - experiment id=93997e086bc74bfa9a5824844c290eab - session id=test-sid-0b8c958d47b74689ac5435baee5a9375 - The property ExperimentSession.session will be removed in the next major release.
2024-02-09 01:17:27,285 - exp.93997e086bc74bfa9a5824844c290eab - WARNING - experiment id=93997e086bc74bfa9a5824844c290eab - session id=test-sid-0b8c958d47b74689ac5435baee5a9375 - The property ExperimentSession.session_status will be removed in the next major release.
2024-02-09 01:17:27,287 - exp.93997e086bc74bfa9a5824844c290eab - WARNING - experiment id=93997e086bc74bfa9a5824844c290eab - session id=test-sid-0b8c958d47b74689ac5435baee5a9375 - The property ExperimentSession.session will be removed in the next major release.
2024-02-09 01:17:27,287 - exp.93997e086bc74bfa9a5824844c290eab - WARNING - experiment id=93997e086bc74bfa9a5824844c290eab - session id=test-sid-0b8c958d47b74689ac5435baee5a9375 - The property ExperimentSession.session_status will be removed in the next major release.
2024-02-09 01:17:27,288 - exp.93997e086bc74bfa9a5824844c290eab - INFO - experiment id=93997e086bc74bfa9a5824844c290eab - session id=test-sid-0b8c958d47b74689ac5435baee5a9375 - ExperimentSession._start() called. Session is starting.
2024-02-09 01:17:27,288 - exp.93997e086bc74bfa9a5824844c290eab.section._RootSection - DEBUG - experiment id=93997e086bc74bfa9a5824844c290eab - session id=test-sid-0b8c958d47b74689ac5435baee5a9375 - Entering _RootSection(name='_root').
2024-02-09 01:17:27,289 - exp.93997e086bc74bfa9a5824844c290eab.section._RootSection - DEBUG - experiment id=93997e086bc74bfa9a5824844c290eab - session id=test-sid-0b8c958d47b74689ac5435baee5a9375 - _RootSection(name='_root') handing over to child section.
2024-02-09 01:17:27,289 - exp.93997e086bc74bfa9a5824844c290eab.section.Section - DEBUG - experiment id=93997e086bc74bfa9a5824844c290eab - session id=test-sid-0b8c958d47b74689ac5435baee5a9375 - Entering Section(name='_content').
2024-02-09 01:17:27,289 - exp.93997e086bc74bfa9a5824844c290eab.section.Section - DEBUG - experiment id=93997e086bc74bfa9a5824844c290eab - session id=test-sid-0b8c958d47b74689ac5435baee5a9375 - Section(name='_content') handing over to child section.
2024-02-09 01:17:27,289 - exp.93997e086bc74bfa9a5824844c290eab.section.ForwardOnlySection - DEBUG - experiment id=93997e086bc74bfa9a5824844c290eab - session id=test-sid-0b8c958d47b74689ac5435baee5a9375 - Entering ForwardOnlySection(name='main').
2024-02-09 01:17:27,290 - exp.93997e086bc74bfa9a5824844c290eab - WARNING - experiment id=93997e086bc74bfa9a5824844c290eab - session id=test-sid-0b8c958d47b74689ac5435baee5a9375 - The property ExperimentSession.session will be removed in the next major release.
2024-02-09 01:17:27,290 - exp.93997e086bc74bfa9a5824844c290eab - WARNING - experiment id=93997e086bc74bfa9a5824844c290eab - session id=test-sid-0b8c958d47b74689ac5435baee5a9375 - The property ExperimentSession.session_status will be removed in the next major release.
2024-02-09 01:17:27,291 - exp.93997e086bc74bfa9a5824844c290eab - WARNING - experiment id=93997e086bc74bfa9a5824844c290eab - session id=test-sid-0b8c958d47b74689ac5435baee5a9375 - The property ExperimentSession.session will be removed in the next major release.
2024-02-09 01:17:27,292 - exp.93997e086bc74bfa9a5824844c290eab - WARNING - experiment id=93997e086bc74bfa9a5824844c290eab - session id=test-sid-0b8c958d47b74689ac5435baee5a9375 - The property ExperimentSession.session_status will be removed in the next major release.
2024-02-09 01:17:27,292 - exp.93997e086bc74bfa9a5824844c290eab - WARNING - experiment id=93997e086bc74bfa9a5824844c290eab - session id=test-sid-0b8c958d47b74689ac5435baee5a9375 - The property ExperimentSession.session will be removed in the next major release.
2024-02-09 01:17:27,293 - exp.93997e086bc74bfa9a5824844c290eab - WARNING - experiment id=93997e086bc74bfa9a5824844c290eab - session id=test-sid-0b8c958d47b74689ac5435baee5a9375 - The property ExperimentSession.session_status will be removed in the next major release.
2024-02-09 01:17:27,310 - exp.93997e086bc74bfa9a5824844c290eab.element.core.SelectPageList - DEBUG - experiment id=93997e086bc74bfa9a5824844c290eab - session id=test-sid-0b8c958d47b74689ac5435baee5a9375 - ValueError ignored in PageList while trying to remove self from the list of choice labels.
2024-02-09 01:17:27,552 - exp.93997e086bc74bfa9a5824844c290eab - WARNING - experiment id=93997e086bc74bfa9a5824844c290eab - session id=test-sid-0b8c958d47b74689ac5435baee5a9375 - The property ExperimentSession.session will be removed in the next major release.
2024-02-09 01:17:27,552 - exp.93997e086bc74bfa9a5824844c290eab - WARNING - experiment id=93997e086bc74bfa9a5824844c290eab - session id=test-sid-0b8c958d47b74689ac5435baee5a9375 - The property ExperimentSession.session_status will be removed in the next major release.
2024-02-09 01:17:27,685 - exp.93997e086bc74bfa9a5824844c290eab.element.core.SelectPageList - DEBUG - experiment id=93997e086bc74bfa9a5824844c290eab - session id=test-sid-0b8c958d47b74689ac5435baee5a9375 - ValueError ignored in PageList while trying to remove self from the list of choice labels.
2024-02-09 01:17:28,276 - exp.93997e086bc74bfa9a5824844c290eab.saving_agent.AutoLocalSavingAgent - INFO - experiment id=93997e086bc74bfa9a5824844c290eab - session id=test-sid-0b8c958d47b74689ac5435baee5a9375 - Running AutoLocalSavingAgent(name='data', level=1, path='save/exp') succeeded.
